2024-11-22 15:31:06,602 - INFO - ________________________________________
2024-11-22 15:31:06,602 - INFO - New trial
2024-11-22 15:31:06,649 - INFO - [31m[1mWARNING: This is a development server. Do not use it in a production deployment. Use a production WSGI server instead.[0m
 * Running on http://127.0.0.1:5000
2024-11-22 15:31:06,649 - INFO - [33mPress CTRL+C to quit[0m
2024-11-22 15:31:06,665 - INFO -  * Restarting with watchdog (windowsapi)
2024-11-22 15:31:09,084 - INFO - ________________________________________
2024-11-22 15:31:09,084 - INFO - New trial
2024-11-22 15:31:09,116 - WARNING -  * Debugger is active!
2024-11-22 15:31:09,131 - INFO -  * Debugger PIN: 135-495-212
2024-11-22 15:31:12,425 - INFO - Enter index.html
2024-11-22 15:31:12,425 - INFO - 127.0.0.1 - - [22/Nov/2024 15:31:12] "GET / HTTP/1.1" 200 -
2024-11-22 15:31:13,855 - INFO - Enter login.html
2024-11-22 15:31:13,855 - INFO - 127.0.0.1 - - [22/Nov/2024 15:31:13] "[32mGET /login HTTP/1.1[0m" 302 -
2024-11-22 15:31:21,040 - INFO - Enter enter_token.html
2024-11-22 15:31:21,042 - INFO - 127.0.0.1 - - [22/Nov/2024 15:31:21] "GET /enter_token HTTP/1.1" 200 -
2024-11-22 15:31:22,969 - INFO - Enter enter_token.html
2024-11-22 15:31:22,971 - INFO - Session Uuid is:49a8ccf0-35ce-44a1-a795-c9f4ecfd8ef1
2024-11-22 15:31:22,972 - INFO - Enter function connect_to_omero
2024-11-22 15:31:22,981 - INFO -  * Detected change in 'C:\\Users\\simon\\anaconda3\\envs\\OMERO-python3-9\\Lib\\site-packages\\omero\\plugins\\_duplicate_deprecated.py', reloading
2024-11-22 15:31:23,043 - INFO -  * Detected change in 'C:\\Users\\simon\\anaconda3\\envs\\OMERO-python3-9\\Lib\\site-packages\\omero\\plugins\\_metadata_deprecated.py', reloading
2024-11-22 15:31:23,043 - INFO -  * Detected change in 'C:\\Users\\simon\\anaconda3\\envs\\OMERO-python3-9\\Lib\\site-packages\\omero\\plugins\\_upload_deprecated.py', reloading
2024-11-22 15:31:23,128 - INFO -  * Detected change in 'C:\\Users\\simon\\anaconda3\\envs\\OMERO-python3-9\\Lib\\site-packages\\omero\\plugins\\admin.py', reloading
2024-11-22 15:31:23,133 - INFO -  * Detected change in 'C:\\Users\\simon\\anaconda3\\envs\\OMERO-python3-9\\Lib\\site-packages\\omero\\plugins\\basics.py', reloading
2024-11-22 15:31:23,135 - INFO -  * Detected change in 'C:\\Users\\simon\\anaconda3\\envs\\OMERO-python3-9\\Lib\\site-packages\\omero\\plugins\\chgrp.py', reloading
2024-11-22 15:31:23,138 - INFO -  * Detected change in 'C:\\Users\\simon\\anaconda3\\envs\\OMERO-python3-9\\Lib\\site-packages\\omero\\plugins\\chown.py', reloading
2024-11-22 15:31:23,144 - INFO -  * Detected change in 'C:\\Users\\simon\\anaconda3\\envs\\OMERO-python3-9\\Lib\\site-packages\\omero\\plugins\\db.py', reloading
2024-11-22 15:31:23,146 - INFO -  * Detected change in 'C:\\Users\\simon\\anaconda3\\envs\\OMERO-python3-9\\Lib\\site-packages\\omero\\plugins\\delete.py', reloading
2024-11-22 15:31:23,149 - INFO -  * Detected change in 'C:\\Users\\simon\\anaconda3\\envs\\OMERO-python3-9\\Lib\\site-packages\\omero\\plugins\\download.py', reloading
2024-11-22 15:31:23,152 - INFO -  * Detected change in 'C:\\Users\\simon\\anaconda3\\envs\\OMERO-python3-9\\Lib\\site-packages\\omero\\plugins\\export.py', reloading
2024-11-22 15:31:23,175 - INFO -  * Detected change in 'C:\\Users\\simon\\anaconda3\\envs\\OMERO-python3-9\\Lib\\site-packages\\omero\\plugins\\fs.py', reloading
2024-11-22 15:31:23,182 - INFO -  * Detected change in 'C:\\Users\\simon\\anaconda3\\envs\\OMERO-python3-9\\Lib\\site-packages\\omero\\plugins\\group.py', reloading
2024-11-22 15:31:23,187 - INFO -  * Detected change in 'C:\\Users\\simon\\anaconda3\\envs\\OMERO-python3-9\\Lib\\site-packages\\omero\\plugins\\hql.py', reloading
2024-11-22 15:31:23,200 - INFO -  * Detected change in 'C:\\Users\\simon\\anaconda3\\envs\\OMERO-python3-9\\Lib\\site-packages\\omero\\plugins\\import.py', reloading
2024-11-22 15:31:23,205 - INFO -  * Detected change in 'C:\\Users\\simon\\anaconda3\\envs\\OMERO-python3-9\\Lib\\site-packages\\omero\\plugins\\ldap.py', reloading
2024-11-22 15:31:23,208 - INFO -  * Detected change in 'C:\\Users\\simon\\anaconda3\\envs\\OMERO-python3-9\\Lib\\site-packages\\omero\\plugins\\node.py', reloading
2024-11-22 15:31:23,217 - INFO -  * Detected change in 'C:\\Users\\simon\\anaconda3\\envs\\OMERO-python3-9\\Lib\\site-packages\\omero\\plugins\\obj.py', reloading
2024-11-22 15:31:23,223 - INFO -  * Detected change in 'C:\\Users\\simon\\anaconda3\\envs\\OMERO-python3-9\\Lib\\site-packages\\omero\\plugins\\perf.py', reloading
2024-11-22 15:31:23,231 - INFO -  * Detected change in 'C:\\Users\\simon\\anaconda3\\envs\\OMERO-python3-9\\Lib\\site-packages\\omero\\plugins\\prefs.py', reloading
2024-11-22 15:31:23,238 - INFO -  * Detected change in 'C:\\Users\\simon\\anaconda3\\envs\\OMERO-python3-9\\Lib\\site-packages\\omero\\plugins\\script.py', reloading
2024-11-22 15:31:23,243 - INFO -  * Detected change in 'C:\\Users\\simon\\anaconda3\\envs\\OMERO-python3-9\\Lib\\site-packages\\omero\\plugins\\search.py', reloading
2024-11-22 15:31:23,249 - INFO -  * Detected change in 'C:\\Users\\simon\\anaconda3\\envs\\OMERO-python3-9\\Lib\\site-packages\\omero\\plugins\\sessions.py', reloading
2024-11-22 15:31:23,250 - INFO -  * Detected change in 'C:\\Users\\simon\\anaconda3\\envs\\OMERO-python3-9\\Lib\\site-packages\\omero\\plugins\\submit.py', reloading
2024-11-22 15:31:23,261 - INFO -  * Detected change in 'C:\\Users\\simon\\anaconda3\\envs\\OMERO-python3-9\\Lib\\site-packages\\omero\\plugins\\tag.py', reloading
2024-11-22 15:31:23,265 - INFO -  * Detected change in 'C:\\Users\\simon\\anaconda3\\envs\\OMERO-python3-9\\Lib\\site-packages\\omero\\plugins\\user.py', reloading
2024-11-22 15:31:23,285 - DEBUG - Removing tree: C:\Users\simon\AppData\Roaming\omero\tmp\omero_simon\15176
2024-11-22 15:31:23,529 - INFO -  * Restarting with watchdog (windowsapi)
2024-11-22 15:31:25,855 - INFO - ________________________________________
2024-11-22 15:31:25,856 - INFO - New trial
2024-11-22 15:31:25,890 - WARNING -  * Debugger is active!
2024-11-22 15:31:25,894 - INFO -  * Debugger PIN: 135-495-212
2024-11-22 15:31:26,701 - INFO - Enter enter_token.html
2024-11-22 15:31:26,708 - INFO - 127.0.0.1 - - [22/Nov/2024 15:31:26] "GET /enter_token HTTP/1.1" 200 -
2024-11-22 15:31:28,876 - INFO - Enter enter_token.html
2024-11-22 15:31:28,878 - INFO - Session Uuid is:49a8ccf0-35ce-44a1-a795-c9f4ecfd8ef1
2024-11-22 15:31:28,878 - INFO - Enter function connect_to_omero
2024-11-22 15:31:29,309 - INFO - Starting
2024-11-22 15:31:29,309 - DEBUG - Adding object <omero.clients.BaseClient.startKeepAlive.<locals>.Entry object at 0x00000278049551C0>
2024-11-22 15:31:29,309 - DEBUG - Executing
2024-11-22 15:31:29,310 - DEBUG - Checking <omero.clients.BaseClient.startKeepAlive.<locals>.Entry object at 0x00000278049551C0>
2024-11-22 15:31:29,311 - DEBUG - Sleeping 300
2024-11-22 15:31:29,324 - DEBUG - Cleaning <omero.clients.BaseClient.startKeepAlive.<locals>.Entry object at 0x00000278049551C0>
2024-11-22 15:31:29,324 - INFO - Halted
2024-11-22 15:31:29,325 - DEBUG - Cleanup done
2024-11-22 15:31:29,333 - INFO - login done
2024-11-22 15:31:29,334 - INFO - connection done
2024-11-22 15:31:29,334 - INFO - Connection to the omero server successful
2024-11-22 15:31:29,335 - INFO - 127.0.0.1 - - [22/Nov/2024 15:31:29] "[32mPOST /enter_token HTTP/1.1[0m" 302 -
2024-11-22 15:31:29,349 - INFO - Enter upload
2024-11-22 15:31:29,356 - INFO - 127.0.0.1 - - [22/Nov/2024 15:31:29] "GET /upload HTTP/1.1" 200 -
2024-11-22 15:31:40,727 - INFO - Enter import_images
2024-11-22 15:31:40,754 - DEBUG - ## Creating proxies
2024-11-22 15:31:40,754 - DEBUG - Setting 'omero.client.uuid' to 'be39730d-0d8a-4b29-aa80-0079b5dfe44c'
2024-11-22 15:31:40,754 - DEBUG - Setting 'omero.session.uuid' to '49a8ccf0-35ce-44a1-a795-c9f4ecfd8ef1'
2024-11-22 15:31:40,754 - DEBUG - Key 'omero.group' not found in <ServiceOptsDict: {'omero.client.uuid': 'be39730d-0d8a-4b29-aa80-0079b5dfe44c', 'omero.session.uuid': '49a8ccf0-35ce-44a1-a795-c9f4ecfd8ef1'}>
2024-11-22 15:31:40,754 - DEBUG - Key 'omero.user' not found in <ServiceOptsDict: {'omero.client.uuid': 'be39730d-0d8a-4b29-aa80-0079b5dfe44c', 'omero.session.uuid': '49a8ccf0-35ce-44a1-a795-c9f4ecfd8ef1'}>
2024-11-22 15:31:40,754 - INFO - Connection to the Omero server done
2024-11-22 15:31:40,755 - DEBUG - Cleanup done
2024-11-22 15:31:41,819 - INFO - Received files: ['Imager_5x-full.czi', 'Imager_10x_tile.czi', 'Imager_FL-BWCAM-02.czi', 'Imager_FL-ColorCAM-02.czi']
2024-11-22 15:31:41,848 - INFO - File Imager_5x-full.czi is larger than 30.0 MB. Chunked upload will be used.
2024-11-22 15:31:41,879 - INFO - Saved Imager_5x-full.czi in chunks at uploads\Imager_5x-full.czi
2024-11-22 15:31:41,926 - INFO - Metadata successfully extracted for Imager_5x-full.czi
2024-11-22 15:31:42,004 - INFO - Check ProjectID: 121, DatasetID: 137
2024-11-22 15:31:42,020 - INFO - Calling ezimport with: file=uploads\Imager_5x-full.czi, project=121, dataset=137
2024-11-22 15:31:42,162 - INFO - Starting
2024-11-22 15:31:42,162 - DEBUG - Adding object <omero.clients.BaseClient.startKeepAlive.<locals>.Entry object at 0x0000027804C0DB20>
2024-11-22 15:31:42,162 - DEBUG - Executing
2024-11-22 15:31:42,162 - DEBUG - Checking <omero.clients.BaseClient.startKeepAlive.<locals>.Entry object at 0x0000027804C0DB20>
2024-11-22 15:31:42,162 - DEBUG - Sleeping 300
2024-11-22 15:31:56,589 - DEBUG - Cleaning <omero.clients.BaseClient.startKeepAlive.<locals>.Entry object at 0x0000027804C0DB20>
2024-11-22 15:31:56,589 - INFO - Halted
2024-11-22 15:31:56,589 - DEBUG - Cleanup done
2024-11-22 15:31:56,636 - DEBUG - Setting 'omero.group' to '-1'
2024-11-22 15:31:56,652 - DEBUG - Cleanup done
2024-11-22 15:31:56,668 - DEBUG - Setting 'omero.group' to 3
2024-11-22 15:31:56,683 - DEBUG - Setting 'omero.client.uuid' to 'be39730d-0d8a-4b29-aa80-0079b5dfe44c'
2024-11-22 15:31:56,683 - DEBUG - Setting 'omero.session.uuid' to '49a8ccf0-35ce-44a1-a795-c9f4ecfd8ef1'
2024-11-22 15:31:56,683 - DEBUG - Setting 'omero.group' to '3'
2024-11-22 15:31:56,714 - DEBUG - Setting 'omero.client.uuid' to 'be39730d-0d8a-4b29-aa80-0079b5dfe44c'
2024-11-22 15:31:56,714 - DEBUG - Setting 'omero.session.uuid' to '49a8ccf0-35ce-44a1-a795-c9f4ecfd8ef1'
2024-11-22 15:31:56,714 - DEBUG - Setting 'omero.group' to '3'
2024-11-22 15:31:56,714 - DEBUG - Setting 'omero.group' to 3
2024-11-22 15:31:56,746 - DEBUG - Setting 'omero.client.uuid' to 'be39730d-0d8a-4b29-aa80-0079b5dfe44c'
2024-11-22 15:31:56,747 - DEBUG - Setting 'omero.session.uuid' to '49a8ccf0-35ce-44a1-a795-c9f4ecfd8ef1'
2024-11-22 15:31:56,747 - DEBUG - Setting 'omero.group' to '3'
2024-11-22 15:31:56,747 - DEBUG - Setting 'omero.group' to 3
2024-11-22 15:31:56,762 - DEBUG - Setting 'omero.client.uuid' to 'be39730d-0d8a-4b29-aa80-0079b5dfe44c'
2024-11-22 15:31:56,762 - DEBUG - Setting 'omero.session.uuid' to '49a8ccf0-35ce-44a1-a795-c9f4ecfd8ef1'
2024-11-22 15:31:56,762 - DEBUG - Setting 'omero.group' to '3'
2024-11-22 15:31:56,762 - DEBUG - Setting 'omero.group' to 3
2024-11-22 15:31:56,777 - DEBUG - Setting 'omero.client.uuid' to 'be39730d-0d8a-4b29-aa80-0079b5dfe44c'
2024-11-22 15:31:56,777 - DEBUG - Setting 'omero.session.uuid' to '49a8ccf0-35ce-44a1-a795-c9f4ecfd8ef1'
2024-11-22 15:31:56,777 - DEBUG - Setting 'omero.group' to '3'
2024-11-22 15:31:56,777 - DEBUG - Setting 'omero.group' to 3
2024-11-22 15:31:56,793 - INFO - ezimport result for Imager_5x-full.czi: [189]
2024-11-22 15:31:56,809 - INFO - Successfully deleted temporary file: uploads\Imager_5x-full.czi
2024-11-22 15:31:56,935 - INFO - File Imager_10x_tile.czi is larger than 30.0 MB. Chunked upload will be used.
2024-11-22 15:31:57,155 - INFO - Saved Imager_10x_tile.czi in chunks at uploads\Imager_10x_tile.czi
2024-11-22 15:31:57,217 - INFO - Metadata successfully extracted for Imager_10x_tile.czi
2024-11-22 15:31:57,233 - INFO - Check ProjectID: 121, DatasetID: 137
2024-11-22 15:31:57,248 - INFO - Calling ezimport with: file=uploads\Imager_10x_tile.czi, project=121, dataset=137
2024-11-22 15:31:57,374 - INFO - Starting
2024-11-22 15:31:57,374 - DEBUG - Adding object <omero.clients.BaseClient.startKeepAlive.<locals>.Entry object at 0x0000027804B03730>
2024-11-22 15:31:57,374 - DEBUG - Executing
2024-11-22 15:31:57,374 - DEBUG - Checking <omero.clients.BaseClient.startKeepAlive.<locals>.Entry object at 0x0000027804B03730>
2024-11-22 15:31:57,390 - DEBUG - Sleeping 300
2024-11-22 15:32:16,469 - DEBUG - Cleaning <omero.clients.BaseClient.startKeepAlive.<locals>.Entry object at 0x0000027804B03730>
2024-11-22 15:32:16,469 - INFO - Halted
2024-11-22 15:32:16,469 - DEBUG - Cleanup done
2024-11-22 15:32:16,490 - DEBUG - Setting 'omero.group' to '-1'
2024-11-22 15:32:16,516 - DEBUG - Setting 'omero.group' to 3
2024-11-22 15:32:16,516 - DEBUG - Cleanup done
2024-11-22 15:32:16,516 - DEBUG - Setting 'omero.client.uuid' to 'be39730d-0d8a-4b29-aa80-0079b5dfe44c'
2024-11-22 15:32:16,516 - DEBUG - Setting 'omero.session.uuid' to '49a8ccf0-35ce-44a1-a795-c9f4ecfd8ef1'
2024-11-22 15:32:16,516 - DEBUG - Setting 'omero.group' to '3'
2024-11-22 15:32:16,547 - DEBUG - Setting 'omero.client.uuid' to 'be39730d-0d8a-4b29-aa80-0079b5dfe44c'
2024-11-22 15:32:16,547 - DEBUG - Setting 'omero.session.uuid' to '49a8ccf0-35ce-44a1-a795-c9f4ecfd8ef1'
2024-11-22 15:32:16,547 - DEBUG - Setting 'omero.group' to '3'
2024-11-22 15:32:16,547 - DEBUG - Setting 'omero.group' to 3
2024-11-22 15:32:16,563 - DEBUG - Setting 'omero.client.uuid' to 'be39730d-0d8a-4b29-aa80-0079b5dfe44c'
2024-11-22 15:32:16,563 - DEBUG - Setting 'omero.session.uuid' to '49a8ccf0-35ce-44a1-a795-c9f4ecfd8ef1'
2024-11-22 15:32:16,563 - DEBUG - Setting 'omero.group' to '3'
2024-11-22 15:32:16,563 - DEBUG - Setting 'omero.group' to 3
2024-11-22 15:32:16,590 - DEBUG - Setting 'omero.client.uuid' to 'be39730d-0d8a-4b29-aa80-0079b5dfe44c'
2024-11-22 15:32:16,590 - DEBUG - Setting 'omero.session.uuid' to '49a8ccf0-35ce-44a1-a795-c9f4ecfd8ef1'
2024-11-22 15:32:16,590 - DEBUG - Setting 'omero.group' to '3'
2024-11-22 15:32:16,595 - DEBUG - Setting 'omero.group' to 3
2024-11-22 15:32:16,626 - DEBUG - Setting 'omero.client.uuid' to 'be39730d-0d8a-4b29-aa80-0079b5dfe44c'
2024-11-22 15:32:16,626 - DEBUG - Setting 'omero.session.uuid' to '49a8ccf0-35ce-44a1-a795-c9f4ecfd8ef1'
2024-11-22 15:32:16,626 - DEBUG - Setting 'omero.group' to '3'
2024-11-22 15:32:16,626 - DEBUG - Setting 'omero.group' to 3
2024-11-22 15:32:16,626 - INFO - ezimport result for Imager_10x_tile.czi: [190]
2024-11-22 15:32:16,673 - INFO - Successfully deleted temporary file: uploads\Imager_10x_tile.czi
2024-11-22 15:32:16,690 - INFO - File Imager_FL-BWCAM-02.czi is smaller than 30.0 MB. Full upload will be used.
2024-11-22 15:32:16,705 - INFO - Saved Imager_FL-BWCAM-02.czi for full upload at uploads\Imager_FL-BWCAM-02.czi
2024-11-22 15:32:16,752 - INFO - Metadata successfully extracted for Imager_FL-BWCAM-02.czi
2024-11-22 15:32:16,799 - INFO - Check ProjectID: 121, DatasetID: 138
2024-11-22 15:32:16,799 - INFO - Calling ezimport with: file=uploads\Imager_FL-BWCAM-02.czi, project=121, dataset=138
2024-11-22 15:32:16,909 - INFO - Starting
2024-11-22 15:32:16,909 - DEBUG - Adding object <omero.clients.BaseClient.startKeepAlive.<locals>.Entry object at 0x0000027804B08970>
2024-11-22 15:32:16,909 - DEBUG - Executing
2024-11-22 15:32:16,909 - DEBUG - Checking <omero.clients.BaseClient.startKeepAlive.<locals>.Entry object at 0x0000027804B08970>
2024-11-22 15:32:16,909 - DEBUG - Sleeping 300
2024-11-22 15:32:29,073 - DEBUG - Cleaning <omero.clients.BaseClient.startKeepAlive.<locals>.Entry object at 0x0000027804B08970>
2024-11-22 15:32:29,073 - INFO - Halted
2024-11-22 15:32:29,073 - DEBUG - Cleanup done
2024-11-22 15:32:29,104 - DEBUG - Setting 'omero.group' to '-1'
2024-11-22 15:32:29,136 - DEBUG - Cleanup done
2024-11-22 15:32:29,136 - DEBUG - Setting 'omero.group' to 3
2024-11-22 15:32:29,152 - DEBUG - Setting 'omero.client.uuid' to 'be39730d-0d8a-4b29-aa80-0079b5dfe44c'
2024-11-22 15:32:29,152 - DEBUG - Setting 'omero.session.uuid' to '49a8ccf0-35ce-44a1-a795-c9f4ecfd8ef1'
2024-11-22 15:32:29,152 - DEBUG - Setting 'omero.group' to '3'
2024-11-22 15:32:29,183 - DEBUG - Setting 'omero.client.uuid' to 'be39730d-0d8a-4b29-aa80-0079b5dfe44c'
2024-11-22 15:32:29,183 - DEBUG - Setting 'omero.session.uuid' to '49a8ccf0-35ce-44a1-a795-c9f4ecfd8ef1'
2024-11-22 15:32:29,183 - DEBUG - Setting 'omero.group' to '3'
2024-11-22 15:32:29,183 - DEBUG - Setting 'omero.group' to 3
2024-11-22 15:32:29,217 - DEBUG - Setting 'omero.client.uuid' to 'be39730d-0d8a-4b29-aa80-0079b5dfe44c'
2024-11-22 15:32:29,217 - DEBUG - Setting 'omero.session.uuid' to '49a8ccf0-35ce-44a1-a795-c9f4ecfd8ef1'
2024-11-22 15:32:29,217 - DEBUG - Setting 'omero.group' to '3'
2024-11-22 15:32:29,217 - DEBUG - Setting 'omero.group' to 3
2024-11-22 15:32:29,230 - DEBUG - Setting 'omero.client.uuid' to 'be39730d-0d8a-4b29-aa80-0079b5dfe44c'
2024-11-22 15:32:29,230 - DEBUG - Setting 'omero.session.uuid' to '49a8ccf0-35ce-44a1-a795-c9f4ecfd8ef1'
2024-11-22 15:32:29,230 - DEBUG - Setting 'omero.group' to '3'
2024-11-22 15:32:29,230 - DEBUG - Setting 'omero.group' to 3
2024-11-22 15:32:29,262 - DEBUG - Setting 'omero.client.uuid' to 'be39730d-0d8a-4b29-aa80-0079b5dfe44c'
2024-11-22 15:32:29,262 - DEBUG - Setting 'omero.session.uuid' to '49a8ccf0-35ce-44a1-a795-c9f4ecfd8ef1'
2024-11-22 15:32:29,262 - DEBUG - Setting 'omero.group' to '3'
2024-11-22 15:32:29,262 - DEBUG - Setting 'omero.group' to 3
2024-11-22 15:32:29,262 - INFO - ezimport result for Imager_FL-BWCAM-02.czi: [191]
2024-11-22 15:32:29,277 - INFO - Successfully deleted temporary file: uploads\Imager_FL-BWCAM-02.czi
2024-11-22 15:32:29,317 - INFO - File Imager_FL-ColorCAM-02.czi is larger than 30.0 MB. Chunked upload will be used.
2024-11-22 15:32:29,371 - INFO - Saved Imager_FL-ColorCAM-02.czi in chunks at uploads\Imager_FL-ColorCAM-02.czi
2024-11-22 15:32:29,403 - INFO - Metadata successfully extracted for Imager_FL-ColorCAM-02.czi
2024-11-22 15:32:29,434 - INFO - Check ProjectID: 121, DatasetID: 138
2024-11-22 15:32:29,450 - INFO - Calling ezimport with: file=uploads\Imager_FL-ColorCAM-02.czi, project=121, dataset=138
2024-11-22 15:32:29,544 - INFO - Starting
2024-11-22 15:32:29,544 - DEBUG - Adding object <omero.clients.BaseClient.startKeepAlive.<locals>.Entry object at 0x0000027804C82DC0>
2024-11-22 15:32:29,544 - DEBUG - Executing
2024-11-22 15:32:29,544 - DEBUG - Checking <omero.clients.BaseClient.startKeepAlive.<locals>.Entry object at 0x0000027804C82DC0>
2024-11-22 15:32:29,544 - DEBUG - Sleeping 300
2024-11-22 15:32:44,066 - DEBUG - Cleaning <omero.clients.BaseClient.startKeepAlive.<locals>.Entry object at 0x0000027804C82DC0>
2024-11-22 15:32:44,066 - INFO - Halted
2024-11-22 15:32:44,066 - DEBUG - Cleanup done
2024-11-22 15:32:44,113 - DEBUG - Setting 'omero.group' to '-1'
2024-11-22 15:32:44,207 - DEBUG - Setting 'omero.group' to 3
2024-11-22 15:32:44,223 - DEBUG - Setting 'omero.client.uuid' to 'be39730d-0d8a-4b29-aa80-0079b5dfe44c'
2024-11-22 15:32:44,223 - DEBUG - Setting 'omero.session.uuid' to '49a8ccf0-35ce-44a1-a795-c9f4ecfd8ef1'
2024-11-22 15:32:44,223 - DEBUG - Setting 'omero.group' to '3'
2024-11-22 15:32:44,254 - DEBUG - Cleanup done
2024-11-22 15:32:44,270 - DEBUG - Setting 'omero.client.uuid' to 'be39730d-0d8a-4b29-aa80-0079b5dfe44c'
2024-11-22 15:32:44,286 - DEBUG - Setting 'omero.session.uuid' to '49a8ccf0-35ce-44a1-a795-c9f4ecfd8ef1'
2024-11-22 15:32:44,286 - DEBUG - Setting 'omero.group' to '3'
2024-11-22 15:32:44,286 - DEBUG - Setting 'omero.group' to 3
2024-11-22 15:32:44,333 - DEBUG - Setting 'omero.client.uuid' to 'be39730d-0d8a-4b29-aa80-0079b5dfe44c'
2024-11-22 15:32:44,333 - DEBUG - Setting 'omero.session.uuid' to '49a8ccf0-35ce-44a1-a795-c9f4ecfd8ef1'
2024-11-22 15:32:44,333 - DEBUG - Setting 'omero.group' to '3'
2024-11-22 15:32:44,333 - DEBUG - Setting 'omero.group' to 3
2024-11-22 15:32:44,352 - DEBUG - Setting 'omero.client.uuid' to 'be39730d-0d8a-4b29-aa80-0079b5dfe44c'
2024-11-22 15:32:44,352 - DEBUG - Setting 'omero.session.uuid' to '49a8ccf0-35ce-44a1-a795-c9f4ecfd8ef1'
2024-11-22 15:32:44,352 - DEBUG - Setting 'omero.group' to '3'
2024-11-22 15:32:44,352 - DEBUG - Setting 'omero.group' to 3
2024-11-22 15:32:44,381 - DEBUG - Setting 'omero.client.uuid' to 'be39730d-0d8a-4b29-aa80-0079b5dfe44c'
2024-11-22 15:32:44,381 - DEBUG - Setting 'omero.session.uuid' to '49a8ccf0-35ce-44a1-a795-c9f4ecfd8ef1'
2024-11-22 15:32:44,381 - DEBUG - Setting 'omero.group' to '3'
2024-11-22 15:32:44,381 - DEBUG - Setting 'omero.group' to 3
2024-11-22 15:32:44,396 - INFO - ezimport result for Imager_FL-ColorCAM-02.czi: [192]
2024-11-22 15:32:44,412 - INFO - Successfully deleted temporary file: uploads\Imager_FL-ColorCAM-02.czi
2024-11-22 15:32:44,412 - INFO - Imported files: [{'name': 'Imager_5x-full.czi', 'status': 'success', 'message': 'Successfully imported as Image ID: [189]'}, {'name': 'Imager_10x_tile.czi', 'status': 'success', 'message': 'Successfully imported as Image ID: [190]'}, {'name': 'Imager_FL-BWCAM-02.czi', 'status': 'success', 'message': 'Successfully imported as Image ID: [191]'}, {'name': 'Imager_FL-ColorCAM-02.czi', 'status': 'success', 'message': 'Successfully imported as Image ID: [192]'}]
2024-11-22 15:32:44,412 - INFO - Import done
2024-11-22 15:32:44,443 - ERROR - Error during import process: Error binding parameter 3 - probably unsupported type.
2024-11-22 15:32:44,506 - INFO - 127.0.0.1 - - [22/Nov/2024 15:32:44] "[35m[1mPOST /import_images HTTP/1.1[0m" 500 -
2024-11-22 15:39:34,389 - INFO -  * Detected change in 'C:\\Users\\simon\\anaconda3\\envs\\OMERO-python3-9\\Lib\\typing.py', reloading
2024-11-22 15:39:35,100 - DEBUG - Removing tree: C:\Users\simon\AppData\Roaming\omero\tmp\omero_simon\10656
2024-11-22 15:39:35,398 - INFO -  * Restarting with watchdog (windowsapi)
2024-11-22 15:39:37,525 - INFO - ________________________________________
2024-11-22 15:39:37,525 - INFO - New trial
2024-11-22 15:39:37,549 - WARNING -  * Debugger is active!
2024-11-22 15:39:37,549 - INFO -  * Debugger PIN: 135-495-212
2024-11-22 15:39:41,363 - INFO -  * Detected change in 'C:\\Users\\simon\\anaconda3\\envs\\OMERO-python3-9\\Lib\\site-packages\\omero\\__init__.py', reloading
2024-11-22 15:39:41,363 - INFO -  * Detected change in 'C:\\Users\\simon\\anaconda3\\envs\\OMERO-python3-9\\Lib\\site-packages\\omero\\gateway\\__init__.py', reloading
2024-11-22 15:39:41,378 - INFO -  * Detected change in 'C:\\Users\\simon\\anaconda3\\envs\\OMERO-python3-9\\Lib\\site-packages\\omero\\clients.py', reloading
2024-11-22 15:39:41,432 - INFO -  * Detected change in 'C:\\Users\\simon\\anaconda3\\envs\\OMERO-python3-9\\Lib\\types.py', reloading
2024-11-22 15:39:41,598 - DEBUG - Removing tree: C:\Users\simon\AppData\Roaming\omero\tmp\omero_simon\12388
2024-11-22 15:39:41,849 - INFO -  * Restarting with watchdog (windowsapi)
2024-11-22 15:39:43,956 - INFO - ________________________________________
2024-11-22 15:39:43,956 - INFO - New trial
2024-11-22 15:39:43,971 - WARNING -  * Debugger is active!
2024-11-22 15:39:43,971 - INFO -  * Debugger PIN: 135-495-212
2024-11-22 15:39:48,473 - DEBUG - Removing tree: C:\Users\simon\AppData\Roaming\omero\tmp\omero_simon\8400
2024-11-22 15:39:50,323 - INFO - ________________________________________
2024-11-22 15:39:50,323 - INFO - New trial
2024-11-22 15:39:50,348 - INFO - [31m[1mWARNING: This is a development server. Do not use it in a production deployment. Use a production WSGI server instead.[0m
 * Running on http://127.0.0.1:5000
2024-11-22 15:39:50,348 - INFO - [33mPress CTRL+C to quit[0m
2024-11-22 15:39:50,355 - INFO -  * Restarting with watchdog (windowsapi)
2024-11-22 15:39:52,322 - INFO - ________________________________________
2024-11-22 15:39:52,322 - INFO - New trial
2024-11-22 15:39:52,335 - WARNING -  * Debugger is active!
2024-11-22 15:39:52,335 - INFO -  * Debugger PIN: 135-495-212
2024-11-22 15:39:55,026 - INFO - Enter index.html
2024-11-22 15:39:55,029 - INFO - 127.0.0.1 - - [22/Nov/2024 15:39:55] "GET / HTTP/1.1" 200 -
2024-11-22 15:39:56,627 - INFO - Enter login.html
2024-11-22 15:39:56,628 - INFO - 127.0.0.1 - - [22/Nov/2024 15:39:56] "[32mGET /login HTTP/1.1[0m" 302 -
2024-11-22 15:40:03,142 - INFO - Enter enter_token.html
2024-11-22 15:40:03,144 - INFO - 127.0.0.1 - - [22/Nov/2024 15:40:03] "GET /enter_token HTTP/1.1" 200 -
2024-11-22 15:40:04,418 - INFO - Enter enter_token.html
2024-11-22 15:40:04,419 - INFO - Session Uuid is:aa292e63-8e94-4b5e-a5a1-62288c5d3651
2024-11-22 15:40:04,420 - INFO - Enter function connect_to_omero
2024-11-22 15:40:04,775 - INFO - Starting
2024-11-22 15:40:04,775 - DEBUG - Adding object <omero.clients.BaseClient.startKeepAlive.<locals>.Entry object at 0x000001E9F0795B20>
2024-11-22 15:40:04,776 - DEBUG - Executing
2024-11-22 15:40:04,776 - DEBUG - Checking <omero.clients.BaseClient.startKeepAlive.<locals>.Entry object at 0x000001E9F0795B20>
2024-11-22 15:40:04,777 - DEBUG - Sleeping 300
2024-11-22 15:40:04,793 - DEBUG - Cleaning <omero.clients.BaseClient.startKeepAlive.<locals>.Entry object at 0x000001E9F0795B20>
2024-11-22 15:40:04,793 - INFO - Halted
2024-11-22 15:40:04,793 - DEBUG - Cleanup done
2024-11-22 15:40:04,802 - INFO - login done
2024-11-22 15:40:04,802 - INFO - connection done
2024-11-22 15:40:04,802 - INFO - Connection to the omero server successful
2024-11-22 15:40:04,804 - INFO - 127.0.0.1 - - [22/Nov/2024 15:40:04] "[32mPOST /enter_token HTTP/1.1[0m" 302 -
2024-11-22 15:40:04,811 - INFO - Enter upload
2024-11-22 15:40:04,813 - INFO - 127.0.0.1 - - [22/Nov/2024 15:40:04] "GET /upload HTTP/1.1" 200 -
2024-11-22 15:40:13,149 - INFO - Enter import_images
2024-11-22 15:40:13,182 - DEBUG - ## Creating proxies
2024-11-22 15:40:13,183 - DEBUG - Cleanup done
2024-11-22 15:40:13,183 - DEBUG - Setting 'omero.client.uuid' to '2d864cf0-34aa-4b71-999e-b93dad418d29'
2024-11-22 15:40:13,183 - DEBUG - Setting 'omero.session.uuid' to 'aa292e63-8e94-4b5e-a5a1-62288c5d3651'
2024-11-22 15:40:13,183 - DEBUG - Key 'omero.group' not found in <ServiceOptsDict: {'omero.client.uuid': '2d864cf0-34aa-4b71-999e-b93dad418d29', 'omero.session.uuid': 'aa292e63-8e94-4b5e-a5a1-62288c5d3651'}>
2024-11-22 15:40:13,183 - DEBUG - Key 'omero.user' not found in <ServiceOptsDict: {'omero.client.uuid': '2d864cf0-34aa-4b71-999e-b93dad418d29', 'omero.session.uuid': 'aa292e63-8e94-4b5e-a5a1-62288c5d3651'}>
2024-11-22 15:40:13,183 - INFO - Connection to the Omero server done
2024-11-22 15:40:13,259 - INFO - Received files: ['20x-980-AS-pro.czi', '20x-980-LSM_4c.czi']
2024-11-22 15:40:13,263 - INFO - File 20x-980-AS-pro.czi is smaller than 30.0 MB. Full upload will be used.
2024-11-22 15:40:13,275 - INFO - Saved 20x-980-AS-pro.czi for full upload at uploads\20x-980-AS-pro.czi
2024-11-22 15:40:13,337 - INFO - Metadata successfully extracted for 20x-980-AS-pro.czi
2024-11-22 15:40:13,420 - INFO - Check ProjectID: 122, DatasetID: 139
2024-11-22 15:40:13,437 - INFO - Calling ezimport with: file=uploads\20x-980-AS-pro.czi, project=122, dataset=139
2024-11-22 15:40:13,586 - INFO - Starting
2024-11-22 15:40:13,586 - DEBUG - Adding object <omero.clients.BaseClient.startKeepAlive.<locals>.Entry object at 0x000001E9F0D92910>
2024-11-22 15:40:13,590 - DEBUG - Executing
2024-11-22 15:40:13,590 - DEBUG - Checking <omero.clients.BaseClient.startKeepAlive.<locals>.Entry object at 0x000001E9F0D92910>
2024-11-22 15:40:13,590 - DEBUG - Sleeping 300
2024-11-22 15:40:25,885 - DEBUG - Cleaning <omero.clients.BaseClient.startKeepAlive.<locals>.Entry object at 0x000001E9F0D92910>
2024-11-22 15:40:25,885 - INFO - Halted
2024-11-22 15:40:25,885 - DEBUG - Cleanup done
2024-11-22 15:40:25,933 - DEBUG - Setting 'omero.group' to '-1'
2024-11-22 15:40:25,964 - DEBUG - Cleanup done
2024-11-22 15:40:25,980 - DEBUG - Setting 'omero.group' to 3
2024-11-22 15:40:25,995 - DEBUG - Setting 'omero.client.uuid' to '2d864cf0-34aa-4b71-999e-b93dad418d29'
2024-11-22 15:40:25,995 - DEBUG - Setting 'omero.session.uuid' to 'aa292e63-8e94-4b5e-a5a1-62288c5d3651'
2024-11-22 15:40:25,995 - DEBUG - Setting 'omero.group' to '3'
2024-11-22 15:40:26,012 - DEBUG - Setting 'omero.client.uuid' to '2d864cf0-34aa-4b71-999e-b93dad418d29'
2024-11-22 15:40:26,012 - DEBUG - Setting 'omero.session.uuid' to 'aa292e63-8e94-4b5e-a5a1-62288c5d3651'
2024-11-22 15:40:26,012 - DEBUG - Setting 'omero.group' to '3'
2024-11-22 15:40:26,012 - DEBUG - Setting 'omero.group' to 3
2024-11-22 15:40:26,043 - DEBUG - Setting 'omero.client.uuid' to '2d864cf0-34aa-4b71-999e-b93dad418d29'
2024-11-22 15:40:26,043 - DEBUG - Setting 'omero.session.uuid' to 'aa292e63-8e94-4b5e-a5a1-62288c5d3651'
2024-11-22 15:40:26,058 - DEBUG - Setting 'omero.group' to '3'
2024-11-22 15:40:26,058 - DEBUG - Setting 'omero.group' to 3
2024-11-22 15:40:26,074 - DEBUG - Setting 'omero.client.uuid' to '2d864cf0-34aa-4b71-999e-b93dad418d29'
2024-11-22 15:40:26,074 - DEBUG - Setting 'omero.session.uuid' to 'aa292e63-8e94-4b5e-a5a1-62288c5d3651'
2024-11-22 15:40:26,074 - DEBUG - Setting 'omero.group' to '3'
2024-11-22 15:40:26,074 - DEBUG - Setting 'omero.group' to 3
2024-11-22 15:40:26,105 - DEBUG - Setting 'omero.client.uuid' to '2d864cf0-34aa-4b71-999e-b93dad418d29'
2024-11-22 15:40:26,105 - DEBUG - Setting 'omero.session.uuid' to 'aa292e63-8e94-4b5e-a5a1-62288c5d3651'
2024-11-22 15:40:26,105 - DEBUG - Setting 'omero.group' to '3'
2024-11-22 15:40:26,105 - DEBUG - Setting 'omero.group' to 3
2024-11-22 15:40:26,121 - INFO - ezimport result for 20x-980-AS-pro.czi: [193]
2024-11-22 15:40:26,121 - INFO - Successfully deleted temporary file: uploads\20x-980-AS-pro.czi
2024-11-22 15:40:26,137 - INFO - File 20x-980-LSM_4c.czi is smaller than 30.0 MB. Full upload will be used.
2024-11-22 15:40:26,200 - INFO - Saved 20x-980-LSM_4c.czi for full upload at uploads\20x-980-LSM_4c.czi
2024-11-22 15:40:26,310 - INFO - Metadata successfully extracted for 20x-980-LSM_4c.czi
2024-11-22 15:40:26,357 - INFO - Check ProjectID: 122, DatasetID: 140
2024-11-22 15:40:26,373 - INFO - Calling ezimport with: file=uploads\20x-980-LSM_4c.czi, project=122, dataset=140
2024-11-22 15:40:26,514 - INFO - Starting
2024-11-22 15:40:26,514 - DEBUG - Adding object <omero.clients.BaseClient.startKeepAlive.<locals>.Entry object at 0x000001E9F0D50EB0>
2024-11-22 15:40:26,514 - DEBUG - Executing
2024-11-22 15:40:26,514 - DEBUG - Checking <omero.clients.BaseClient.startKeepAlive.<locals>.Entry object at 0x000001E9F0D50EB0>
2024-11-22 15:40:26,514 - DEBUG - Sleeping 300
2024-11-22 15:40:39,071 - DEBUG - Cleaning <omero.clients.BaseClient.startKeepAlive.<locals>.Entry object at 0x000001E9F0D50EB0>
2024-11-22 15:40:39,071 - INFO - Halted
2024-11-22 15:40:39,071 - DEBUG - Cleanup done
2024-11-22 15:40:39,118 - DEBUG - Setting 'omero.group' to '-1'
2024-11-22 15:40:39,181 - DEBUG - Setting 'omero.group' to 3
2024-11-22 15:40:39,197 - DEBUG - Setting 'omero.client.uuid' to '2d864cf0-34aa-4b71-999e-b93dad418d29'
2024-11-22 15:40:39,197 - DEBUG - Setting 'omero.session.uuid' to 'aa292e63-8e94-4b5e-a5a1-62288c5d3651'
2024-11-22 15:40:39,197 - DEBUG - Setting 'omero.group' to '3'
2024-11-22 15:40:39,243 - DEBUG - Setting 'omero.client.uuid' to '2d864cf0-34aa-4b71-999e-b93dad418d29'
2024-11-22 15:40:39,243 - DEBUG - Setting 'omero.session.uuid' to 'aa292e63-8e94-4b5e-a5a1-62288c5d3651'
2024-11-22 15:40:39,243 - DEBUG - Setting 'omero.group' to '3'
2024-11-22 15:40:39,243 - DEBUG - Setting 'omero.group' to 3
2024-11-22 15:40:39,291 - DEBUG - Setting 'omero.client.uuid' to '2d864cf0-34aa-4b71-999e-b93dad418d29'
2024-11-22 15:40:39,291 - DEBUG - Setting 'omero.session.uuid' to 'aa292e63-8e94-4b5e-a5a1-62288c5d3651'
2024-11-22 15:40:39,291 - DEBUG - Setting 'omero.group' to '3'
2024-11-22 15:40:39,291 - DEBUG - Setting 'omero.group' to 3
2024-11-22 15:40:39,322 - DEBUG - Setting 'omero.client.uuid' to '2d864cf0-34aa-4b71-999e-b93dad418d29'
2024-11-22 15:40:39,322 - DEBUG - Setting 'omero.session.uuid' to 'aa292e63-8e94-4b5e-a5a1-62288c5d3651'
2024-11-22 15:40:39,322 - DEBUG - Setting 'omero.group' to '3'
2024-11-22 15:40:39,322 - DEBUG - Setting 'omero.group' to 3
2024-11-22 15:40:39,354 - DEBUG - Setting 'omero.client.uuid' to '2d864cf0-34aa-4b71-999e-b93dad418d29'
2024-11-22 15:40:39,354 - DEBUG - Setting 'omero.session.uuid' to 'aa292e63-8e94-4b5e-a5a1-62288c5d3651'
2024-11-22 15:40:39,354 - DEBUG - Setting 'omero.group' to '3'
2024-11-22 15:40:39,354 - DEBUG - Setting 'omero.group' to 3
2024-11-22 15:40:39,370 - INFO - ezimport result for 20x-980-LSM_4c.czi: [194]
2024-11-22 15:40:39,385 - INFO - Successfully deleted temporary file: uploads\20x-980-LSM_4c.czi
2024-11-22 15:40:39,385 - INFO - Imported files: [{'name': '20x-980-AS-pro.czi', 'status': 'success', 'message': 'Successfully imported as Image ID: [193]'}, {'name': '20x-980-LSM_4c.czi', 'status': 'success', 'message': 'Successfully imported as Image ID: [194]'}]
2024-11-22 15:40:39,385 - INFO - Import done
2024-11-22 15:40:39,401 - INFO - cci-staff
2024-11-22 15:40:39,401 - ERROR - Error during import process: Error binding parameter 3 - probably unsupported type.
2024-11-22 15:40:39,401 - INFO - 127.0.0.1 - - [22/Nov/2024 15:40:39] "[35m[1mPOST /import_images HTTP/1.1[0m" 500 -
2024-11-22 15:43:09,591 - INFO -  * Detected change in 'c:\\users\\simon\\documents\\python scripts\\omero\\Omero_flask_SQL.py', reloading
2024-11-22 15:43:09,591 - INFO -  * Detected change in 'c:\\users\\simon\\documents\\python scripts\\omero\\tmpl_msmmd_', reloading
2024-11-22 15:43:09,591 - INFO -  * Detected change in 'c:\\users\\simon\\documents\\python scripts\\omero\\Omero_flask_SQL.py', reloading
2024-11-22 15:43:09,747 - DEBUG - Removing tree: C:\Users\simon\AppData\Roaming\omero\tmp\omero_simon\15748
2024-11-22 15:43:09,811 - DEBUG - Cleanup done
2024-11-22 15:43:09,998 - INFO -  * Restarting with watchdog (windowsapi)
2024-11-22 15:43:12,084 - INFO - ________________________________________
2024-11-22 15:43:12,084 - INFO - New trial
2024-11-22 15:43:12,101 - WARNING -  * Debugger is active!
2024-11-22 15:43:12,116 - INFO -  * Debugger PIN: 135-495-212
2024-11-22 15:43:56,124 - INFO -  * Detected change in 'c:\\users\\simon\\documents\\python scripts\\omero\\Omero_flask_SQL.py', reloading
2024-11-22 15:43:56,124 - INFO -  * Detected change in 'c:\\users\\simon\\documents\\python scripts\\omero\\tmpckmwcwv5', reloading
2024-11-22 15:43:56,124 - INFO -  * Detected change in 'c:\\users\\simon\\documents\\python scripts\\omero\\Omero_flask_SQL.py', reloading
2024-11-22 15:43:56,455 - DEBUG - Removing tree: C:\Users\simon\AppData\Roaming\omero\tmp\omero_simon\12712
2024-11-22 15:43:56,738 - INFO -  * Restarting with watchdog (windowsapi)
2024-11-22 15:43:58,841 - INFO - ________________________________________
2024-11-22 15:43:58,841 - INFO - New trial
2024-11-22 15:43:58,873 - WARNING -  * Debugger is active!
2024-11-22 15:43:58,873 - INFO -  * Debugger PIN: 135-495-212
2024-11-22 15:44:07,446 - INFO - Enter index.html
2024-11-22 15:44:07,453 - INFO - 127.0.0.1 - - [22/Nov/2024 15:44:07] "GET / HTTP/1.1" 200 -
2024-11-22 15:44:09,049 - INFO - Enter login.html
2024-11-22 15:44:09,049 - INFO - 127.0.0.1 - - [22/Nov/2024 15:44:09] "[32mGET /login HTTP/1.1[0m" 302 -
2024-11-22 15:44:16,369 - INFO - Enter enter_token.html
2024-11-22 15:44:16,371 - INFO - 127.0.0.1 - - [22/Nov/2024 15:44:16] "GET /enter_token HTTP/1.1" 200 -
2024-11-22 15:44:17,792 - INFO - Enter enter_token.html
2024-11-22 15:44:17,794 - INFO - Session Uuid is:e5c4d787-bc89-4f6d-af2a-78abf51944f0
2024-11-22 15:44:17,794 - INFO - Enter function connect_to_omero
2024-11-22 15:44:18,162 - INFO - Starting
2024-11-22 15:44:18,163 - DEBUG - Adding object <omero.clients.BaseClient.startKeepAlive.<locals>.Entry object at 0x000001F23CC16100>
2024-11-22 15:44:18,163 - DEBUG - Executing
2024-11-22 15:44:18,163 - DEBUG - Checking <omero.clients.BaseClient.startKeepAlive.<locals>.Entry object at 0x000001F23CC16100>
2024-11-22 15:44:18,168 - DEBUG - Sleeping 300
2024-11-22 15:44:18,184 - DEBUG - Cleaning <omero.clients.BaseClient.startKeepAlive.<locals>.Entry object at 0x000001F23CC16100>
2024-11-22 15:44:18,184 - INFO - Halted
2024-11-22 15:44:18,184 - DEBUG - Cleanup done
2024-11-22 15:44:18,194 - INFO - login done
2024-11-22 15:44:18,194 - INFO - connection done
2024-11-22 15:44:18,194 - INFO - Connection to the omero server successful
2024-11-22 15:44:18,196 - INFO - 127.0.0.1 - - [22/Nov/2024 15:44:18] "[32mPOST /enter_token HTTP/1.1[0m" 302 -
2024-11-22 15:44:18,207 - INFO - Enter upload
2024-11-22 15:44:18,213 - INFO - 127.0.0.1 - - [22/Nov/2024 15:44:18] "GET /upload HTTP/1.1" 200 -
2024-11-22 15:44:28,024 - INFO - Enter import_images
2024-11-22 15:44:28,059 - DEBUG - ## Creating proxies
2024-11-22 15:44:28,059 - DEBUG - Cleanup done
2024-11-22 15:44:28,059 - DEBUG - Setting 'omero.client.uuid' to 'cfd9e9d7-51e3-4aee-972e-12c71d7535ec'
2024-11-22 15:44:28,059 - DEBUG - Setting 'omero.session.uuid' to 'e5c4d787-bc89-4f6d-af2a-78abf51944f0'
2024-11-22 15:44:28,059 - DEBUG - Key 'omero.group' not found in <ServiceOptsDict: {'omero.client.uuid': 'cfd9e9d7-51e3-4aee-972e-12c71d7535ec', 'omero.session.uuid': 'e5c4d787-bc89-4f6d-af2a-78abf51944f0'}>
2024-11-22 15:44:28,059 - DEBUG - Key 'omero.user' not found in <ServiceOptsDict: {'omero.client.uuid': 'cfd9e9d7-51e3-4aee-972e-12c71d7535ec', 'omero.session.uuid': 'e5c4d787-bc89-4f6d-af2a-78abf51944f0'}>
2024-11-22 15:44:28,059 - INFO - Connection to the Omero server done
2024-11-22 15:44:28,228 - INFO - Received files: ['Imager_FL-BWCAM-02.czi', 'Imager_FL-ColorCAM-02.czi']
2024-11-22 15:44:28,234 - INFO - File Imager_FL-BWCAM-02.czi is smaller than 30.0 MB. Full upload will be used.
2024-11-22 15:44:28,253 - INFO - Saved Imager_FL-BWCAM-02.czi for full upload at uploads\Imager_FL-BWCAM-02.czi
2024-11-22 15:44:28,285 - INFO - Metadata successfully extracted for Imager_FL-BWCAM-02.czi
2024-11-22 15:44:28,355 - INFO - Check ProjectID: 123, DatasetID: 141
2024-11-22 15:44:28,371 - INFO - Calling ezimport with: file=uploads\Imager_FL-BWCAM-02.czi, project=123, dataset=141
2024-11-22 15:44:28,512 - INFO - Starting
2024-11-22 15:44:28,512 - DEBUG - Adding object <omero.clients.BaseClient.startKeepAlive.<locals>.Entry object at 0x000001F23CECC940>
2024-11-22 15:44:28,512 - DEBUG - Executing
2024-11-22 15:44:28,512 - DEBUG - Checking <omero.clients.BaseClient.startKeepAlive.<locals>.Entry object at 0x000001F23CECC940>
2024-11-22 15:44:28,512 - DEBUG - Sleeping 300
2024-11-22 15:44:41,152 - DEBUG - Cleaning <omero.clients.BaseClient.startKeepAlive.<locals>.Entry object at 0x000001F23CECC940>
2024-11-22 15:44:41,152 - INFO - Halted
2024-11-22 15:44:41,152 - DEBUG - Cleanup done
2024-11-22 15:44:41,199 - DEBUG - Setting 'omero.group' to '-1'
2024-11-22 15:44:41,230 - DEBUG - Cleanup done
2024-11-22 15:44:41,246 - DEBUG - Setting 'omero.group' to 3
2024-11-22 15:44:41,262 - DEBUG - Setting 'omero.client.uuid' to 'cfd9e9d7-51e3-4aee-972e-12c71d7535ec'
2024-11-22 15:44:41,262 - DEBUG - Setting 'omero.session.uuid' to 'e5c4d787-bc89-4f6d-af2a-78abf51944f0'
2024-11-22 15:44:41,262 - DEBUG - Setting 'omero.group' to '3'
2024-11-22 15:44:41,278 - DEBUG - Setting 'omero.client.uuid' to 'cfd9e9d7-51e3-4aee-972e-12c71d7535ec'
2024-11-22 15:44:41,278 - DEBUG - Setting 'omero.session.uuid' to 'e5c4d787-bc89-4f6d-af2a-78abf51944f0'
2024-11-22 15:44:41,278 - DEBUG - Setting 'omero.group' to '3'
2024-11-22 15:44:41,278 - DEBUG - Setting 'omero.group' to 3
2024-11-22 15:44:41,309 - DEBUG - Setting 'omero.client.uuid' to 'cfd9e9d7-51e3-4aee-972e-12c71d7535ec'
2024-11-22 15:44:41,309 - DEBUG - Setting 'omero.session.uuid' to 'e5c4d787-bc89-4f6d-af2a-78abf51944f0'
2024-11-22 15:44:41,309 - DEBUG - Setting 'omero.group' to '3'
2024-11-22 15:44:41,309 - DEBUG - Setting 'omero.group' to 3
2024-11-22 15:44:41,340 - DEBUG - Setting 'omero.client.uuid' to 'cfd9e9d7-51e3-4aee-972e-12c71d7535ec'
2024-11-22 15:44:41,340 - DEBUG - Setting 'omero.session.uuid' to 'e5c4d787-bc89-4f6d-af2a-78abf51944f0'
2024-11-22 15:44:41,340 - DEBUG - Setting 'omero.group' to '3'
2024-11-22 15:44:41,340 - DEBUG - Setting 'omero.group' to 3
2024-11-22 15:44:41,356 - DEBUG - Setting 'omero.client.uuid' to 'cfd9e9d7-51e3-4aee-972e-12c71d7535ec'
2024-11-22 15:44:41,356 - DEBUG - Setting 'omero.session.uuid' to 'e5c4d787-bc89-4f6d-af2a-78abf51944f0'
2024-11-22 15:44:41,356 - DEBUG - Setting 'omero.group' to '3'
2024-11-22 15:44:41,356 - DEBUG - Setting 'omero.group' to 3
2024-11-22 15:44:41,375 - INFO - ezimport result for Imager_FL-BWCAM-02.czi: [195]
2024-11-22 15:44:41,375 - INFO - Successfully deleted temporary file: uploads\Imager_FL-BWCAM-02.czi
2024-11-22 15:44:41,403 - INFO - File Imager_FL-ColorCAM-02.czi is larger than 30.0 MB. Chunked upload will be used.
2024-11-22 15:44:41,450 - INFO - Saved Imager_FL-ColorCAM-02.czi in chunks at uploads\Imager_FL-ColorCAM-02.czi
2024-11-22 15:44:41,482 - INFO - Metadata successfully extracted for Imager_FL-ColorCAM-02.czi
2024-11-22 15:44:41,498 - INFO - Check ProjectID: 123, DatasetID: 141
2024-11-22 15:44:41,529 - INFO - Calling ezimport with: file=uploads\Imager_FL-ColorCAM-02.czi, project=123, dataset=141
2024-11-22 15:44:41,670 - INFO - Starting
2024-11-22 15:44:41,670 - DEBUG - Adding object <omero.clients.BaseClient.startKeepAlive.<locals>.Entry object at 0x000001F23CDCCC10>
2024-11-22 15:44:41,670 - DEBUG - Executing
2024-11-22 15:44:41,670 - DEBUG - Checking <omero.clients.BaseClient.startKeepAlive.<locals>.Entry object at 0x000001F23CDCCC10>
2024-11-22 15:44:41,670 - DEBUG - Sleeping 300
2024-11-22 15:44:55,613 - DEBUG - Cleaning <omero.clients.BaseClient.startKeepAlive.<locals>.Entry object at 0x000001F23CDCCC10>
2024-11-22 15:44:55,613 - INFO - Halted
2024-11-22 15:44:55,613 - DEBUG - Cleanup done
2024-11-22 15:44:55,629 - DEBUG - Setting 'omero.group' to '-1'
2024-11-22 15:44:55,660 - DEBUG - Setting 'omero.group' to 3
2024-11-22 15:44:55,660 - DEBUG - Setting 'omero.client.uuid' to 'cfd9e9d7-51e3-4aee-972e-12c71d7535ec'
2024-11-22 15:44:55,660 - DEBUG - Setting 'omero.session.uuid' to 'e5c4d787-bc89-4f6d-af2a-78abf51944f0'
2024-11-22 15:44:55,660 - DEBUG - Setting 'omero.group' to '3'
2024-11-22 15:44:55,676 - DEBUG - Cleanup done
2024-11-22 15:44:55,691 - DEBUG - Setting 'omero.client.uuid' to 'cfd9e9d7-51e3-4aee-972e-12c71d7535ec'
2024-11-22 15:44:55,691 - DEBUG - Setting 'omero.session.uuid' to 'e5c4d787-bc89-4f6d-af2a-78abf51944f0'
2024-11-22 15:44:55,691 - DEBUG - Setting 'omero.group' to '3'
2024-11-22 15:44:55,691 - DEBUG - Setting 'omero.group' to 3
2024-11-22 15:44:55,708 - DEBUG - Setting 'omero.client.uuid' to 'cfd9e9d7-51e3-4aee-972e-12c71d7535ec'
2024-11-22 15:44:55,708 - DEBUG - Setting 'omero.session.uuid' to 'e5c4d787-bc89-4f6d-af2a-78abf51944f0'
2024-11-22 15:44:55,708 - DEBUG - Setting 'omero.group' to '3'
2024-11-22 15:44:55,708 - DEBUG - Setting 'omero.group' to 3
2024-11-22 15:44:55,723 - DEBUG - Setting 'omero.client.uuid' to 'cfd9e9d7-51e3-4aee-972e-12c71d7535ec'
2024-11-22 15:44:55,723 - DEBUG - Setting 'omero.session.uuid' to 'e5c4d787-bc89-4f6d-af2a-78abf51944f0'
2024-11-22 15:44:55,723 - DEBUG - Setting 'omero.group' to '3'
2024-11-22 15:44:55,723 - DEBUG - Setting 'omero.group' to 3
2024-11-22 15:44:55,739 - DEBUG - Setting 'omero.client.uuid' to 'cfd9e9d7-51e3-4aee-972e-12c71d7535ec'
2024-11-22 15:44:55,739 - DEBUG - Setting 'omero.session.uuid' to 'e5c4d787-bc89-4f6d-af2a-78abf51944f0'
2024-11-22 15:44:55,739 - DEBUG - Setting 'omero.group' to '3'
2024-11-22 15:44:55,739 - DEBUG - Setting 'omero.group' to 3
2024-11-22 15:44:55,754 - INFO - ezimport result for Imager_FL-ColorCAM-02.czi: [196]
2024-11-22 15:44:55,770 - INFO - Successfully deleted temporary file: uploads\Imager_FL-ColorCAM-02.czi
2024-11-22 15:44:55,770 - INFO - Imported files: [{'name': 'Imager_FL-BWCAM-02.czi', 'status': 'success', 'message': 'Successfully imported as Image ID: [195]'}, {'name': 'Imager_FL-ColorCAM-02.czi', 'status': 'success', 'message': 'Successfully imported as Image ID: [196]'}]
2024-11-22 15:44:55,770 - INFO - Import done
2024-11-22 15:44:55,801 - INFO - User information:
2024-11-22 15:44:55,801 - INFO -     Time: 2024-11-22
2024-11-22 15:44:55,801 - INFO -     Full Name: Simon Leclerc
2024-11-22 15:44:55,801 - INFO -     Current group: cci-staff
2024-11-22 15:44:55,801 - INFO -     Main microscope: ['Axio Imager.Z2']
2024-11-22 15:44:55,801 - INFO -     File number: 2
2024-11-22 15:44:55,801 - INFO -     File total size (MB): 47.643402099609375
2024-11-22 15:44:55,801 - INFO -     Import time (s): 27.711350440979004
2024-11-22 15:44:55,807 - INFO - 127.0.0.1 - - [22/Nov/2024 15:44:55] "POST /import_images HTTP/1.1" 200 -
2024-11-22 15:47:41,658 - INFO -  * Detected change in 'C:\\Users\\simon\\anaconda3\\envs\\OMERO-python3-9\\Lib\\site-packages\\flask\\app.py', reloading
2024-11-22 15:47:41,673 - INFO -  * Detected change in 'C:\\Users\\simon\\anaconda3\\envs\\OMERO-python3-9\\Lib\\site-packages\\flask\\helpers.py', reloading
2024-11-22 15:47:42,460 - DEBUG - Removing tree: C:\Users\simon\AppData\Roaming\omero\tmp\omero_simon\17144
2024-11-22 15:47:42,758 - INFO -  * Restarting with watchdog (windowsapi)
2024-11-22 15:47:44,875 - INFO - ________________________________________
2024-11-22 15:47:44,875 - INFO - New trial
2024-11-22 15:47:44,890 - WARNING -  * Debugger is active!
2024-11-22 15:47:44,906 - INFO -  * Debugger PIN: 135-495-212
2024-11-22 15:49:01,306 - INFO -  * Detected change in 'C:\\Users\\simon\\anaconda3\\envs\\OMERO-python3-9\\Lib\\site-packages\\flask\\globals.py', reloading
2024-11-22 15:49:01,338 - INFO -  * Detected change in 'C:\\Users\\simon\\anaconda3\\envs\\OMERO-python3-9\\Lib\\sqlite3\\__init__.py', reloading
2024-11-22 15:49:01,544 - DEBUG - Removing tree: C:\Users\simon\AppData\Roaming\omero\tmp\omero_simon\8236
2024-11-22 15:49:01,812 - INFO -  * Restarting with watchdog (windowsapi)
2024-11-22 15:49:03,926 - INFO - ________________________________________
2024-11-22 15:49:03,926 - INFO - New trial
2024-11-22 15:49:03,941 - WARNING -  * Debugger is active!
2024-11-22 15:49:03,941 - INFO -  * Debugger PIN: 135-495-212
2024-11-22 15:49:54,540 - INFO -  * Detected change in 'c:\\users\\simon\\documents\\python scripts\\omero\\Omero_flask_SQL.py', reloading
2024-11-22 15:49:54,540 - INFO -  * Detected change in 'c:\\users\\simon\\documents\\python scripts\\omero\\tmp8crbv5zj', reloading
2024-11-22 15:49:54,540 - INFO -  * Detected change in 'c:\\users\\simon\\documents\\python scripts\\omero\\Omero_flask_SQL.py', reloading
2024-11-22 15:49:55,357 - DEBUG - Removing tree: C:\Users\simon\AppData\Roaming\omero\tmp\omero_simon\3560
2024-11-22 15:49:55,639 - INFO -  * Restarting with watchdog (windowsapi)
2024-11-22 15:49:57,604 - INFO - ________________________________________
2024-11-22 15:49:57,604 - INFO - New trial
2024-11-22 15:49:57,620 - WARNING -  * Debugger is active!
2024-11-22 15:49:57,635 - INFO -  * Debugger PIN: 135-495-212
2024-11-22 15:50:02,172 - INFO - Enter index.html
2024-11-22 15:50:02,178 - INFO - 127.0.0.1 - - [22/Nov/2024 15:50:02] "GET / HTTP/1.1" 200 -
2024-11-22 15:50:03,380 - INFO - Enter login.html
2024-11-22 15:50:03,381 - INFO - 127.0.0.1 - - [22/Nov/2024 15:50:03] "[32mGET /login HTTP/1.1[0m" 302 -
2024-11-22 15:50:09,656 - INFO - Enter enter_token.html
2024-11-22 15:50:09,658 - INFO - 127.0.0.1 - - [22/Nov/2024 15:50:09] "GET /enter_token HTTP/1.1" 200 -
2024-11-22 15:50:11,702 - INFO - Enter enter_token.html
2024-11-22 15:50:11,704 - INFO - Session Uuid is:46f4f091-d499-419d-9aaa-1cb38a7abf5d
2024-11-22 15:50:11,704 - INFO - Enter function connect_to_omero
2024-11-22 15:50:12,053 - INFO - Starting
2024-11-22 15:50:12,053 - DEBUG - Adding object <omero.clients.BaseClient.startKeepAlive.<locals>.Entry object at 0x000001A2B3947A30>
2024-11-22 15:50:12,053 - DEBUG - Executing
2024-11-22 15:50:12,054 - DEBUG - Checking <omero.clients.BaseClient.startKeepAlive.<locals>.Entry object at 0x000001A2B3947A30>
2024-11-22 15:50:12,055 - DEBUG - Sleeping 300
2024-11-22 15:50:12,070 - DEBUG - Cleaning <omero.clients.BaseClient.startKeepAlive.<locals>.Entry object at 0x000001A2B3947A30>
2024-11-22 15:50:12,070 - INFO - Halted
2024-11-22 15:50:12,070 - DEBUG - Cleanup done
2024-11-22 15:50:12,077 - INFO - login done
2024-11-22 15:50:12,077 - INFO - connection done
2024-11-22 15:50:12,077 - INFO - Connection to the omero server successful
2024-11-22 15:50:12,078 - INFO - 127.0.0.1 - - [22/Nov/2024 15:50:12] "[32mPOST /enter_token HTTP/1.1[0m" 302 -
2024-11-22 15:50:12,083 - INFO - Enter upload
2024-11-22 15:50:12,086 - INFO - 127.0.0.1 - - [22/Nov/2024 15:50:12] "GET /upload HTTP/1.1" 200 -
2024-11-22 15:50:23,052 - INFO - Enter import_images
2024-11-22 15:50:23,087 - DEBUG - ## Creating proxies
2024-11-22 15:50:23,087 - DEBUG - Cleanup done
2024-11-22 15:50:23,088 - DEBUG - Setting 'omero.client.uuid' to 'd49311eb-ffb0-45a9-9ec8-733adb9c23aa'
2024-11-22 15:50:23,088 - DEBUG - Setting 'omero.session.uuid' to '46f4f091-d499-419d-9aaa-1cb38a7abf5d'
2024-11-22 15:50:23,089 - DEBUG - Key 'omero.group' not found in <ServiceOptsDict: {'omero.client.uuid': 'd49311eb-ffb0-45a9-9ec8-733adb9c23aa', 'omero.session.uuid': '46f4f091-d499-419d-9aaa-1cb38a7abf5d'}>
2024-11-22 15:50:23,089 - DEBUG - Key 'omero.user' not found in <ServiceOptsDict: {'omero.client.uuid': 'd49311eb-ffb0-45a9-9ec8-733adb9c23aa', 'omero.session.uuid': '46f4f091-d499-419d-9aaa-1cb38a7abf5d'}>
2024-11-22 15:50:23,089 - INFO - Connection to the Omero server done
2024-11-22 15:50:23,140 - INFO - Received files: ['710-image-02.czi', '710-overview.czi']
2024-11-22 15:50:23,140 - INFO - File 710-image-02.czi is smaller than 30.0 MB. Full upload will be used.
2024-11-22 15:50:23,157 - INFO - Saved 710-image-02.czi for full upload at uploads\710-image-02.czi
2024-11-22 15:50:23,175 - INFO - Metadata successfully extracted for 710-image-02.czi
2024-11-22 15:50:23,268 - INFO - Check ProjectID: 124, DatasetID: 142
2024-11-22 15:50:23,300 - INFO - Calling ezimport with: file=uploads\710-image-02.czi, project=124, dataset=142
2024-11-22 15:50:23,437 - INFO - Starting
2024-11-22 15:50:23,437 - DEBUG - Adding object <omero.clients.BaseClient.startKeepAlive.<locals>.Entry object at 0x000001A2B4BE2D60>
2024-11-22 15:50:23,437 - DEBUG - Executing
2024-11-22 15:50:23,439 - DEBUG - Checking <omero.clients.BaseClient.startKeepAlive.<locals>.Entry object at 0x000001A2B4BE2D60>
2024-11-22 15:50:23,440 - DEBUG - Sleeping 300
2024-11-22 15:50:34,858 - DEBUG - Cleaning <omero.clients.BaseClient.startKeepAlive.<locals>.Entry object at 0x000001A2B4BE2D60>
2024-11-22 15:50:34,858 - INFO - Halted
2024-11-22 15:50:34,858 - DEBUG - Cleanup done
2024-11-22 15:50:34,905 - DEBUG - Setting 'omero.group' to '-1'
2024-11-22 15:50:34,956 - DEBUG - Setting 'omero.group' to 3
2024-11-22 15:50:34,983 - DEBUG - Setting 'omero.client.uuid' to 'd49311eb-ffb0-45a9-9ec8-733adb9c23aa'
2024-11-22 15:50:34,983 - DEBUG - Setting 'omero.session.uuid' to '46f4f091-d499-419d-9aaa-1cb38a7abf5d'
2024-11-22 15:50:34,983 - DEBUG - Setting 'omero.group' to '3'
2024-11-22 15:50:34,999 - DEBUG - Cleanup done
2024-11-22 15:50:34,999 - DEBUG - Setting 'omero.client.uuid' to 'd49311eb-ffb0-45a9-9ec8-733adb9c23aa'
2024-11-22 15:50:34,999 - DEBUG - Setting 'omero.session.uuid' to '46f4f091-d499-419d-9aaa-1cb38a7abf5d'
2024-11-22 15:50:34,999 - DEBUG - Setting 'omero.group' to '3'
2024-11-22 15:50:34,999 - DEBUG - Setting 'omero.group' to 3
2024-11-22 15:50:35,030 - DEBUG - Setting 'omero.client.uuid' to 'd49311eb-ffb0-45a9-9ec8-733adb9c23aa'
2024-11-22 15:50:35,030 - DEBUG - Setting 'omero.session.uuid' to '46f4f091-d499-419d-9aaa-1cb38a7abf5d'
2024-11-22 15:50:35,030 - DEBUG - Setting 'omero.group' to '3'
2024-11-22 15:50:35,030 - DEBUG - Setting 'omero.group' to 3
2024-11-22 15:50:35,062 - DEBUG - Setting 'omero.client.uuid' to 'd49311eb-ffb0-45a9-9ec8-733adb9c23aa'
2024-11-22 15:50:35,062 - DEBUG - Setting 'omero.session.uuid' to '46f4f091-d499-419d-9aaa-1cb38a7abf5d'
2024-11-22 15:50:35,062 - DEBUG - Setting 'omero.group' to '3'
2024-11-22 15:50:35,062 - DEBUG - Setting 'omero.group' to 3
2024-11-22 15:50:35,078 - DEBUG - Setting 'omero.client.uuid' to 'd49311eb-ffb0-45a9-9ec8-733adb9c23aa'
2024-11-22 15:50:35,078 - DEBUG - Setting 'omero.session.uuid' to '46f4f091-d499-419d-9aaa-1cb38a7abf5d'
2024-11-22 15:50:35,078 - DEBUG - Setting 'omero.group' to '3'
2024-11-22 15:50:35,078 - DEBUG - Setting 'omero.group' to 3
2024-11-22 15:50:35,093 - INFO - ezimport result for 710-image-02.czi: [197]
2024-11-22 15:50:35,093 - INFO - Successfully deleted temporary file: uploads\710-image-02.czi
2024-11-22 15:50:35,109 - INFO - File 710-overview.czi is smaller than 30.0 MB. Full upload will be used.
2024-11-22 15:50:35,125 - INFO - Saved 710-overview.czi for full upload at uploads\710-overview.czi
2024-11-22 15:50:35,156 - INFO - Metadata successfully extracted for 710-overview.czi
2024-11-22 15:50:35,188 - INFO - Check ProjectID: 124, DatasetID: 142
2024-11-22 15:50:35,203 - INFO - Calling ezimport with: file=uploads\710-overview.czi, project=124, dataset=142
2024-11-22 15:50:35,329 - INFO - Starting
2024-11-22 15:50:35,329 - DEBUG - Adding object <omero.clients.BaseClient.startKeepAlive.<locals>.Entry object at 0x000001A2B4BCFEB0>
2024-11-22 15:50:35,329 - DEBUG - Executing
2024-11-22 15:50:35,329 - DEBUG - Checking <omero.clients.BaseClient.startKeepAlive.<locals>.Entry object at 0x000001A2B4BCFEB0>
2024-11-22 15:50:35,329 - DEBUG - Sleeping 300
2024-11-22 15:50:46,846 - DEBUG - Cleaning <omero.clients.BaseClient.startKeepAlive.<locals>.Entry object at 0x000001A2B4BCFEB0>
2024-11-22 15:50:46,846 - INFO - Halted
2024-11-22 15:50:46,846 - DEBUG - Cleanup done
2024-11-22 15:50:46,862 - DEBUG - Setting 'omero.group' to '-1'
2024-11-22 15:50:46,895 - DEBUG - Setting 'omero.group' to 3
2024-11-22 15:50:46,909 - DEBUG - Setting 'omero.client.uuid' to 'd49311eb-ffb0-45a9-9ec8-733adb9c23aa'
2024-11-22 15:50:46,909 - DEBUG - Setting 'omero.session.uuid' to '46f4f091-d499-419d-9aaa-1cb38a7abf5d'
2024-11-22 15:50:46,909 - DEBUG - Setting 'omero.group' to '3'
2024-11-22 15:50:46,925 - DEBUG - Cleanup done
2024-11-22 15:50:46,925 - DEBUG - Setting 'omero.client.uuid' to 'd49311eb-ffb0-45a9-9ec8-733adb9c23aa'
2024-11-22 15:50:46,925 - DEBUG - Setting 'omero.session.uuid' to '46f4f091-d499-419d-9aaa-1cb38a7abf5d'
2024-11-22 15:50:46,925 - DEBUG - Setting 'omero.group' to '3'
2024-11-22 15:50:46,925 - DEBUG - Setting 'omero.group' to 3
2024-11-22 15:50:46,956 - DEBUG - Setting 'omero.client.uuid' to 'd49311eb-ffb0-45a9-9ec8-733adb9c23aa'
2024-11-22 15:50:46,956 - DEBUG - Setting 'omero.session.uuid' to '46f4f091-d499-419d-9aaa-1cb38a7abf5d'
2024-11-22 15:50:46,956 - DEBUG - Setting 'omero.group' to '3'
2024-11-22 15:50:46,956 - DEBUG - Setting 'omero.group' to 3
2024-11-22 15:50:46,981 - DEBUG - Setting 'omero.client.uuid' to 'd49311eb-ffb0-45a9-9ec8-733adb9c23aa'
2024-11-22 15:50:46,981 - DEBUG - Setting 'omero.session.uuid' to '46f4f091-d499-419d-9aaa-1cb38a7abf5d'
2024-11-22 15:50:46,981 - DEBUG - Setting 'omero.group' to '3'
2024-11-22 15:50:46,981 - DEBUG - Setting 'omero.group' to 3
2024-11-22 15:50:47,004 - DEBUG - Setting 'omero.client.uuid' to 'd49311eb-ffb0-45a9-9ec8-733adb9c23aa'
2024-11-22 15:50:47,004 - DEBUG - Setting 'omero.session.uuid' to '46f4f091-d499-419d-9aaa-1cb38a7abf5d'
2024-11-22 15:50:47,004 - DEBUG - Setting 'omero.group' to '3'
2024-11-22 15:50:47,004 - DEBUG - Setting 'omero.group' to 3
2024-11-22 15:50:47,004 - INFO - ezimport result for 710-overview.czi: [198]
2024-11-22 15:50:47,004 - INFO - Successfully deleted temporary file: uploads\710-overview.czi
2024-11-22 15:50:47,019 - INFO - Imported files: [{'name': '710-image-02.czi', 'status': 'success', 'message': 'Successfully imported as Image ID: [197]'}, {'name': '710-overview.czi', 'status': 'success', 'message': 'Successfully imported as Image ID: [198]'}]
2024-11-22 15:50:47,019 - INFO - Import done
2024-11-22 15:50:47,051 - INFO - User information:
2024-11-22 15:50:47,051 - INFO -     Time: 2024-11-22
2024-11-22 15:50:47,051 - INFO -     Full Name: Simon Leclerc
2024-11-22 15:50:47,051 - INFO -     Current group: cci-staff
2024-11-22 15:50:47,051 - INFO -     Main microscope: LSM 710, Axio Examiner
2024-11-22 15:50:47,051 - INFO -     File number: 2
2024-11-22 15:50:47,051 - INFO -     File total size (MB): 7.666473388671875
2024-11-22 15:50:47,051 - INFO -     Import time (s): 23.930550813674927
2024-11-22 15:50:47,051 - INFO - 127.0.0.1 - - [22/Nov/2024 15:50:47] "POST /import_images HTTP/1.1" 200 -
2024-11-22 15:52:37,591 - DEBUG - Removing tree: C:\Users\simon\AppData\Roaming\omero\tmp\omero_simon\13240
2024-11-22 15:59:37,363 - INFO - ________________________________________
2024-11-22 15:59:37,363 - INFO - New trial
2024-11-22 15:59:37,390 - WARNING -  * Debugger is active!
2024-11-22 15:59:37,403 - INFO -  * Debugger PIN: 135-495-212
2024-11-22 15:59:41,206 - INFO - Enter index.html
2024-11-22 15:59:41,206 - INFO - 127.0.0.1 - - [22/Nov/2024 15:59:41] "GET / HTTP/1.1" 200 -
2024-11-22 15:59:43,051 - INFO - Enter login.html
2024-11-22 15:59:43,052 - INFO - 127.0.0.1 - - [22/Nov/2024 15:59:43] "[32mGET /login HTTP/1.1[0m" 302 -
2024-11-22 15:59:49,977 - INFO - Enter enter_token.html
2024-11-22 15:59:49,979 - INFO - 127.0.0.1 - - [22/Nov/2024 15:59:49] "GET /enter_token HTTP/1.1" 200 -
2024-11-22 15:59:51,252 - INFO - Enter enter_token.html
2024-11-22 15:59:51,254 - INFO - Session Uuid is:eec6cb42-2948-49b6-8309-563ca5b39b43
2024-11-22 15:59:51,254 - INFO - Enter function connect_to_omero
2024-11-22 15:59:51,637 - INFO - Starting
2024-11-22 15:59:51,638 - DEBUG - Adding object <omero.clients.BaseClient.startKeepAlive.<locals>.Entry object at 0x000002124C8F4E20>
2024-11-22 15:59:51,638 - DEBUG - Executing
2024-11-22 15:59:51,638 - DEBUG - Checking <omero.clients.BaseClient.startKeepAlive.<locals>.Entry object at 0x000002124C8F4E20>
2024-11-22 15:59:51,640 - DEBUG - Sleeping 300
2024-11-22 15:59:51,652 - DEBUG - Cleaning <omero.clients.BaseClient.startKeepAlive.<locals>.Entry object at 0x000002124C8F4E20>
2024-11-22 15:59:51,652 - INFO - Halted
2024-11-22 15:59:51,652 - DEBUG - Cleanup done
2024-11-22 15:59:51,659 - INFO - login done
2024-11-22 15:59:51,659 - INFO - connection done
2024-11-22 15:59:51,659 - INFO - Connection to the omero server successful
2024-11-22 15:59:51,660 - INFO - 127.0.0.1 - - [22/Nov/2024 15:59:51] "[32mPOST /enter_token HTTP/1.1[0m" 302 -
2024-11-22 15:59:51,667 - INFO - Enter upload
2024-11-22 15:59:51,671 - INFO - 127.0.0.1 - - [22/Nov/2024 15:59:51] "GET /upload HTTP/1.1" 200 -
2024-11-22 16:00:19,666 - INFO - Enter import_images
2024-11-22 16:00:19,688 - DEBUG - Cleanup done
2024-11-22 16:00:19,692 - DEBUG - ## Creating proxies
2024-11-22 16:00:19,692 - DEBUG - Setting 'omero.client.uuid' to '96411eab-bf28-4209-89a0-99391b2a68c1'
2024-11-22 16:00:19,692 - DEBUG - Setting 'omero.session.uuid' to 'eec6cb42-2948-49b6-8309-563ca5b39b43'
2024-11-22 16:00:19,692 - DEBUG - Key 'omero.group' not found in <ServiceOptsDict: {'omero.client.uuid': '96411eab-bf28-4209-89a0-99391b2a68c1', 'omero.session.uuid': 'eec6cb42-2948-49b6-8309-563ca5b39b43'}>
2024-11-22 16:00:19,692 - DEBUG - Key 'omero.user' not found in <ServiceOptsDict: {'omero.client.uuid': '96411eab-bf28-4209-89a0-99391b2a68c1', 'omero.session.uuid': 'eec6cb42-2948-49b6-8309-563ca5b39b43'}>
2024-11-22 16:00:19,692 - INFO - Connection to the Omero server done
2024-11-22 16:00:20,694 - INFO - Received files: ['Imager_5x-full.czi', 'Imager_10x_tile.czi']
2024-11-22 16:00:20,709 - INFO - File Imager_5x-full.czi is larger than 30.0 MB. Chunked upload will be used.
2024-11-22 16:00:20,756 - INFO - Saved Imager_5x-full.czi in chunks at uploads\Imager_5x-full.czi
2024-11-22 16:00:20,788 - INFO - Metadata successfully extracted for Imager_5x-full.czi
2024-11-22 16:00:20,929 - INFO - Check ProjectID: 123, DatasetID: 143
2024-11-22 16:00:20,960 - INFO - Calling ezimport with: file=uploads\Imager_5x-full.czi, project=123, dataset=143
2024-11-22 16:00:21,071 - INFO - Starting
2024-11-22 16:00:21,071 - DEBUG - Adding object <omero.clients.BaseClient.startKeepAlive.<locals>.Entry object at 0x000002124DC6DD60>
2024-11-22 16:00:21,071 - DEBUG - Executing
2024-11-22 16:00:21,071 - DEBUG - Checking <omero.clients.BaseClient.startKeepAlive.<locals>.Entry object at 0x000002124DC6DD60>
2024-11-22 16:00:21,071 - DEBUG - Sleeping 300
2024-11-22 16:00:35,709 - DEBUG - Cleaning <omero.clients.BaseClient.startKeepAlive.<locals>.Entry object at 0x000002124DC6DD60>
2024-11-22 16:00:35,709 - INFO - Halted
2024-11-22 16:00:35,709 - DEBUG - Cleanup done
2024-11-22 16:00:35,740 - DEBUG - Setting 'omero.group' to '-1'
2024-11-22 16:00:35,756 - DEBUG - Cleanup done
2024-11-22 16:00:35,771 - DEBUG - Setting 'omero.group' to 3
2024-11-22 16:00:35,787 - DEBUG - Setting 'omero.client.uuid' to '96411eab-bf28-4209-89a0-99391b2a68c1'
2024-11-22 16:00:35,787 - DEBUG - Setting 'omero.session.uuid' to 'eec6cb42-2948-49b6-8309-563ca5b39b43'
2024-11-22 16:00:35,787 - DEBUG - Setting 'omero.group' to '3'
2024-11-22 16:00:35,803 - DEBUG - Setting 'omero.client.uuid' to '96411eab-bf28-4209-89a0-99391b2a68c1'
2024-11-22 16:00:35,803 - DEBUG - Setting 'omero.session.uuid' to 'eec6cb42-2948-49b6-8309-563ca5b39b43'
2024-11-22 16:00:35,803 - DEBUG - Setting 'omero.group' to '3'
2024-11-22 16:00:35,803 - DEBUG - Setting 'omero.group' to 3
2024-11-22 16:00:35,819 - DEBUG - Setting 'omero.client.uuid' to '96411eab-bf28-4209-89a0-99391b2a68c1'
2024-11-22 16:00:35,819 - DEBUG - Setting 'omero.session.uuid' to 'eec6cb42-2948-49b6-8309-563ca5b39b43'
2024-11-22 16:00:35,819 - DEBUG - Setting 'omero.group' to '3'
2024-11-22 16:00:35,819 - DEBUG - Setting 'omero.group' to 3
2024-11-22 16:00:35,850 - DEBUG - Setting 'omero.client.uuid' to '96411eab-bf28-4209-89a0-99391b2a68c1'
2024-11-22 16:00:35,850 - DEBUG - Setting 'omero.session.uuid' to 'eec6cb42-2948-49b6-8309-563ca5b39b43'
2024-11-22 16:00:35,850 - DEBUG - Setting 'omero.group' to '3'
2024-11-22 16:00:35,850 - DEBUG - Setting 'omero.group' to 3
2024-11-22 16:00:35,866 - DEBUG - Setting 'omero.client.uuid' to '96411eab-bf28-4209-89a0-99391b2a68c1'
2024-11-22 16:00:35,866 - DEBUG - Setting 'omero.session.uuid' to 'eec6cb42-2948-49b6-8309-563ca5b39b43'
2024-11-22 16:00:35,866 - DEBUG - Setting 'omero.group' to '3'
2024-11-22 16:00:35,866 - DEBUG - Setting 'omero.group' to 3
2024-11-22 16:00:35,881 - INFO - ezimport result for Imager_5x-full.czi: [199]
2024-11-22 16:00:35,884 - INFO - Successfully deleted temporary file: uploads\Imager_5x-full.czi
2024-11-22 16:00:36,007 - INFO - File Imager_10x_tile.czi is larger than 30.0 MB. Chunked upload will be used.
2024-11-22 16:00:36,211 - INFO - Saved Imager_10x_tile.czi in chunks at uploads\Imager_10x_tile.czi
2024-11-22 16:00:36,258 - INFO - Metadata successfully extracted for Imager_10x_tile.czi
2024-11-22 16:00:36,285 - INFO - Check ProjectID: 123, DatasetID: 143
2024-11-22 16:00:36,305 - INFO - Calling ezimport with: file=uploads\Imager_10x_tile.czi, project=123, dataset=143
2024-11-22 16:00:36,431 - INFO - Starting
2024-11-22 16:00:36,431 - DEBUG - Adding object <omero.clients.BaseClient.startKeepAlive.<locals>.Entry object at 0x000002124DB31D00>
2024-11-22 16:00:36,431 - DEBUG - Executing
2024-11-22 16:00:36,431 - DEBUG - Checking <omero.clients.BaseClient.startKeepAlive.<locals>.Entry object at 0x000002124DB31D00>
2024-11-22 16:00:36,431 - DEBUG - Sleeping 300
2024-11-22 16:00:57,423 - DEBUG - Cleaning <omero.clients.BaseClient.startKeepAlive.<locals>.Entry object at 0x000002124DB31D00>
2024-11-22 16:00:57,423 - INFO - Halted
2024-11-22 16:00:57,423 - DEBUG - Cleanup done
2024-11-22 16:00:57,439 - DEBUG - Setting 'omero.group' to '-1'
2024-11-22 16:00:57,471 - DEBUG - Setting 'omero.group' to 3
2024-11-22 16:00:57,471 - DEBUG - Cleanup done
2024-11-22 16:00:57,486 - DEBUG - Setting 'omero.client.uuid' to '96411eab-bf28-4209-89a0-99391b2a68c1'
2024-11-22 16:00:57,486 - DEBUG - Setting 'omero.session.uuid' to 'eec6cb42-2948-49b6-8309-563ca5b39b43'
2024-11-22 16:00:57,486 - DEBUG - Setting 'omero.group' to '3'
2024-11-22 16:00:57,502 - DEBUG - Setting 'omero.client.uuid' to '96411eab-bf28-4209-89a0-99391b2a68c1'
2024-11-22 16:00:57,502 - DEBUG - Setting 'omero.session.uuid' to 'eec6cb42-2948-49b6-8309-563ca5b39b43'
2024-11-22 16:00:57,502 - DEBUG - Setting 'omero.group' to '3'
2024-11-22 16:00:57,502 - DEBUG - Setting 'omero.group' to 3
2024-11-22 16:00:57,534 - DEBUG - Setting 'omero.client.uuid' to '96411eab-bf28-4209-89a0-99391b2a68c1'
2024-11-22 16:00:57,534 - DEBUG - Setting 'omero.session.uuid' to 'eec6cb42-2948-49b6-8309-563ca5b39b43'
2024-11-22 16:00:57,534 - DEBUG - Setting 'omero.group' to '3'
2024-11-22 16:00:57,534 - DEBUG - Setting 'omero.group' to 3
2024-11-22 16:00:57,550 - DEBUG - Setting 'omero.client.uuid' to '96411eab-bf28-4209-89a0-99391b2a68c1'
2024-11-22 16:00:57,550 - DEBUG - Setting 'omero.session.uuid' to 'eec6cb42-2948-49b6-8309-563ca5b39b43'
2024-11-22 16:00:57,550 - DEBUG - Setting 'omero.group' to '3'
2024-11-22 16:00:57,550 - DEBUG - Setting 'omero.group' to 3
2024-11-22 16:00:57,581 - DEBUG - Setting 'omero.client.uuid' to '96411eab-bf28-4209-89a0-99391b2a68c1'
2024-11-22 16:00:57,581 - DEBUG - Setting 'omero.session.uuid' to 'eec6cb42-2948-49b6-8309-563ca5b39b43'
2024-11-22 16:00:57,581 - DEBUG - Setting 'omero.group' to '3'
2024-11-22 16:00:57,581 - DEBUG - Setting 'omero.group' to 3
2024-11-22 16:00:57,596 - INFO - ezimport result for Imager_10x_tile.czi: [200]
2024-11-22 16:00:57,632 - INFO - Successfully deleted temporary file: uploads\Imager_10x_tile.czi
2024-11-22 16:00:57,632 - INFO - Imported files: [{'name': 'Imager_5x-full.czi', 'status': 'success', 'message': 'Successfully imported as Image ID: [199]'}, {'name': 'Imager_10x_tile.czi', 'status': 'success', 'message': 'Successfully imported as Image ID: [200]'}]
2024-11-22 16:00:57,632 - INFO - Import done
2024-11-22 16:00:57,660 - INFO - User information:
2024-11-22 16:00:57,660 - INFO -     Time: 2024-11-22
2024-11-22 16:00:57,660 - INFO -     Full Name: Simon Leclerc
2024-11-22 16:00:57,660 - INFO -     Current group: cci-staff
2024-11-22 16:00:57,660 - INFO -     Main microscope: Axio Imager.Z2
2024-11-22 16:00:57,660 - INFO -     File number: 2
2024-11-22 16:00:57,660 - INFO -     File total size (MB): 288.9928894042969
2024-11-22 16:00:57,660 - INFO -     Import time (s): 37.939356088638306
2024-11-22 16:00:57,691 - INFO - 127.0.0.1 - - [22/Nov/2024 16:00:57] "POST /import_images HTTP/1.1" 200 -
2024-11-22 16:03:20,916 - INFO -  * Detected change in 'c:\\users\\simon\\documents\\python scripts\\omero\\Omero_flask_SQL.py', reloading
2024-11-22 16:03:20,916 - INFO -  * Detected change in 'c:\\users\\simon\\documents\\python scripts\\omero\\tmpbcoqf28d', reloading
2024-11-22 16:03:20,916 - INFO -  * Detected change in 'c:\\users\\simon\\documents\\python scripts\\omero\\Omero_flask_SQL.py', reloading
2024-11-22 16:03:20,963 - DEBUG - Removing tree: C:\Users\simon\AppData\Roaming\omero\tmp\omero_simon\2064
2024-11-22 16:03:23,411 - INFO - ________________________________________
2024-11-22 16:03:23,411 - INFO - New trial
2024-11-22 16:03:23,427 - WARNING -  * Debugger is active!
2024-11-22 16:03:23,443 - INFO -  * Debugger PIN: 135-495-212
2024-11-22 16:03:36,936 - INFO -  * Detected change in 'c:\\users\\simon\\documents\\python scripts\\omero\\Omero_flask_SQL.py', reloading
2024-11-22 16:03:36,936 - INFO -  * Detected change in 'c:\\users\\simon\\documents\\python scripts\\omero\\tmp0u7pwk5k', reloading
2024-11-22 16:03:36,936 - INFO -  * Detected change in 'c:\\users\\simon\\documents\\python scripts\\omero\\Omero_flask_SQL.py', reloading
2024-11-22 16:03:37,571 - DEBUG - Removing tree: C:\Users\simon\AppData\Roaming\omero\tmp\omero_simon\9188
2024-11-22 16:03:39,738 - INFO - ________________________________________
2024-11-22 16:03:39,738 - INFO - New trial
2024-11-22 16:03:39,769 - WARNING -  * Debugger is active!
2024-11-22 16:03:39,769 - INFO -  * Debugger PIN: 135-495-212
2024-11-22 16:03:59,418 - INFO -  * Detected change in 'C:\\Users\\simon\\anaconda3\\envs\\OMERO-python3-9\\Lib\\os.py', reloading
2024-11-22 16:03:59,418 - INFO -  * Detected change in 'C:\\Users\\simon\\anaconda3\\envs\\OMERO-python3-9\\Lib\\posixpath.py', reloading
2024-11-22 16:03:59,418 - INFO -  * Detected change in 'C:\\Users\\simon\\anaconda3\\envs\\OMERO-python3-9\\Lib\\ntpath.py', reloading
2024-11-22 16:03:59,481 - INFO -  * Detected change in 'C:\\Users\\simon\\anaconda3\\envs\\OMERO-python3-9\\Lib\\site-packages\\flask\\wrappers.py', reloading
2024-11-22 16:03:59,496 - INFO -  * Detected change in 'C:\\Users\\simon\\anaconda3\\envs\\OMERO-python3-9\\Lib\\site-packages\\werkzeug\\__init__.py', reloading
2024-11-22 16:03:59,496 - INFO -  * Detected change in 'C:\\Users\\simon\\anaconda3\\envs\\OMERO-python3-9\\Lib\\site-packages\\werkzeug\\wrappers\\__init__.py', reloading
2024-11-22 16:03:59,536 - INFO -  * Detected change in 'C:\\Users\\simon\\anaconda3\\envs\\OMERO-python3-9\\Lib\\site-packages\\werkzeug\\datastructures\\__init__.py', reloading
2024-11-22 16:03:59,906 - DEBUG - Removing tree: C:\Users\simon\AppData\Roaming\omero\tmp\omero_simon\18956
2024-11-22 16:04:02,637 - INFO - ________________________________________
2024-11-22 16:04:02,637 - INFO - New trial
2024-11-22 16:04:02,653 - WARNING -  * Debugger is active!
2024-11-22 16:04:02,668 - INFO -  * Debugger PIN: 135-495-212
2024-11-22 16:04:09,908 - INFO -  * Detected change in 'C:\\Users\\simon\\anaconda3\\envs\\OMERO-python3-9\\Lib\\logging\\__init__.py', reloading
2024-11-22 16:04:10,727 - DEBUG - Removing tree: C:\Users\simon\AppData\Roaming\omero\tmp\omero_simon\8588
2024-11-22 16:04:13,089 - INFO - ________________________________________
2024-11-22 16:04:13,089 - INFO - New trial
2024-11-22 16:04:13,105 - WARNING -  * Debugger is active!
2024-11-22 16:04:13,105 - INFO -  * Debugger PIN: 135-495-212
2024-11-22 16:04:18,985 - INFO -  * Detected change in 'c:\\users\\simon\\documents\\python scripts\\omero\\Omero_flask_SQL.py', reloading
2024-11-22 16:04:18,985 - INFO -  * Detected change in 'c:\\users\\simon\\documents\\python scripts\\omero\\tmp17jimae8', reloading
2024-11-22 16:04:19,001 - INFO -  * Detected change in 'c:\\users\\simon\\documents\\python scripts\\omero\\Omero_flask_SQL.py', reloading
2024-11-22 16:04:19,174 - DEBUG - Removing tree: C:\Users\simon\AppData\Roaming\omero\tmp\omero_simon\3244
2024-11-22 16:04:21,387 - INFO - ________________________________________
2024-11-22 16:04:21,387 - INFO - New trial
2024-11-22 16:04:21,403 - WARNING -  * Debugger is active!
2024-11-22 16:04:21,419 - INFO -  * Debugger PIN: 135-495-212
2024-11-22 16:04:39,875 - INFO - Enter index.html
2024-11-22 16:04:39,880 - INFO - 127.0.0.1 - - [22/Nov/2024 16:04:39] "GET / HTTP/1.1" 200 -
2024-11-22 16:04:41,252 - INFO - Enter login.html
2024-11-22 16:04:41,253 - INFO - 127.0.0.1 - - [22/Nov/2024 16:04:41] "[32mGET /login HTTP/1.1[0m" 302 -
2024-11-22 16:04:49,271 - INFO - Enter enter_token.html
2024-11-22 16:04:49,273 - INFO - 127.0.0.1 - - [22/Nov/2024 16:04:49] "GET /enter_token HTTP/1.1" 200 -
2024-11-22 16:04:50,460 - INFO - Enter enter_token.html
2024-11-22 16:04:50,462 - INFO - Session Uuid is:34ba452f-0d92-4853-b9d0-913cc2861d87
2024-11-22 16:04:50,462 - INFO - Enter function connect_to_omero
2024-11-22 16:04:50,825 - INFO - Starting
2024-11-22 16:04:50,825 - DEBUG - Adding object <omero.clients.BaseClient.startKeepAlive.<locals>.Entry object at 0x000001A39FC62BE0>
2024-11-22 16:04:50,825 - DEBUG - Executing
2024-11-22 16:04:50,826 - DEBUG - Checking <omero.clients.BaseClient.startKeepAlive.<locals>.Entry object at 0x000001A39FC62BE0>
2024-11-22 16:04:50,828 - DEBUG - Sleeping 300
2024-11-22 16:04:50,846 - DEBUG - Cleaning <omero.clients.BaseClient.startKeepAlive.<locals>.Entry object at 0x000001A39FC62BE0>
2024-11-22 16:04:50,846 - INFO - Halted
2024-11-22 16:04:50,846 - DEBUG - Cleanup done
2024-11-22 16:04:50,853 - INFO - login done
2024-11-22 16:04:50,854 - INFO - connection done
2024-11-22 16:04:50,854 - INFO - Connection to the omero server successful
2024-11-22 16:04:50,855 - INFO - 127.0.0.1 - - [22/Nov/2024 16:04:50] "[32mPOST /enter_token HTTP/1.1[0m" 302 -
2024-11-22 16:04:50,866 - INFO - Enter upload
2024-11-22 16:04:50,872 - INFO - 127.0.0.1 - - [22/Nov/2024 16:04:50] "GET /upload HTTP/1.1" 200 -
2024-11-22 16:05:01,394 - INFO - Enter import_images
2024-11-22 16:05:01,423 - DEBUG - ## Creating proxies
2024-11-22 16:05:01,423 - DEBUG - Cleanup done
2024-11-22 16:05:01,424 - DEBUG - Setting 'omero.client.uuid' to '004b3938-b74e-4be4-a279-8ae16fb49ba4'
2024-11-22 16:05:01,424 - DEBUG - Setting 'omero.session.uuid' to '34ba452f-0d92-4853-b9d0-913cc2861d87'
2024-11-22 16:05:01,424 - DEBUG - Key 'omero.group' not found in <ServiceOptsDict: {'omero.client.uuid': '004b3938-b74e-4be4-a279-8ae16fb49ba4', 'omero.session.uuid': '34ba452f-0d92-4853-b9d0-913cc2861d87'}>
2024-11-22 16:05:01,424 - DEBUG - Key 'omero.user' not found in <ServiceOptsDict: {'omero.client.uuid': '004b3938-b74e-4be4-a279-8ae16fb49ba4', 'omero.session.uuid': '34ba452f-0d92-4853-b9d0-913cc2861d87'}>
2024-11-22 16:05:01,424 - INFO - Connection to the Omero server done
2024-11-22 16:05:01,773 - INFO - Received files: ['5x-CD7-conf_3c.czi', '5x-CD7-WF.czi', '5x-CD7-WF_2c.-2czi.czi']
2024-11-22 16:05:01,779 - INFO - File 5x-CD7-conf_3c.czi is smaller than 30.0 MB. Full upload will be used.
2024-11-22 16:05:01,969 - INFO - Metadata successfully extracted for 5x-CD7-conf_3c.czi
2024-11-22 16:05:02,047 - INFO - Check ProjectID: 125, DatasetID: 144
2024-11-22 16:05:02,195 - INFO - Starting
2024-11-22 16:05:02,195 - DEBUG - Adding object <omero.clients.BaseClient.startKeepAlive.<locals>.Entry object at 0x000001A3A0357DF0>
2024-11-22 16:05:02,195 - DEBUG - Executing
2024-11-22 16:05:02,195 - DEBUG - Checking <omero.clients.BaseClient.startKeepAlive.<locals>.Entry object at 0x000001A3A0357DF0>
2024-11-22 16:05:02,195 - DEBUG - Sleeping 300
2024-11-22 16:05:14,608 - DEBUG - Cleaning <omero.clients.BaseClient.startKeepAlive.<locals>.Entry object at 0x000001A3A0357DF0>
2024-11-22 16:05:14,608 - INFO - Halted
2024-11-22 16:05:14,608 - DEBUG - Cleanup done
2024-11-22 16:05:14,656 - DEBUG - Setting 'omero.group' to '-1'
2024-11-22 16:05:14,687 - DEBUG - Cleanup done
2024-11-22 16:05:14,703 - DEBUG - Setting 'omero.group' to 3
2024-11-22 16:05:14,734 - DEBUG - Setting 'omero.client.uuid' to '004b3938-b74e-4be4-a279-8ae16fb49ba4'
2024-11-22 16:05:14,734 - DEBUG - Setting 'omero.session.uuid' to '34ba452f-0d92-4853-b9d0-913cc2861d87'
2024-11-22 16:05:14,734 - DEBUG - Setting 'omero.group' to '3'
2024-11-22 16:05:14,750 - DEBUG - Setting 'omero.client.uuid' to '004b3938-b74e-4be4-a279-8ae16fb49ba4'
2024-11-22 16:05:14,750 - DEBUG - Setting 'omero.session.uuid' to '34ba452f-0d92-4853-b9d0-913cc2861d87'
2024-11-22 16:05:14,750 - DEBUG - Setting 'omero.group' to '3'
2024-11-22 16:05:14,750 - DEBUG - Setting 'omero.group' to 3
2024-11-22 16:05:14,766 - DEBUG - Setting 'omero.client.uuid' to '004b3938-b74e-4be4-a279-8ae16fb49ba4'
2024-11-22 16:05:14,766 - DEBUG - Setting 'omero.session.uuid' to '34ba452f-0d92-4853-b9d0-913cc2861d87'
2024-11-22 16:05:14,766 - DEBUG - Setting 'omero.group' to '3'
2024-11-22 16:05:14,766 - DEBUG - Setting 'omero.group' to 3
2024-11-22 16:05:14,797 - DEBUG - Setting 'omero.client.uuid' to '004b3938-b74e-4be4-a279-8ae16fb49ba4'
2024-11-22 16:05:14,797 - DEBUG - Setting 'omero.session.uuid' to '34ba452f-0d92-4853-b9d0-913cc2861d87'
2024-11-22 16:05:14,797 - DEBUG - Setting 'omero.group' to '3'
2024-11-22 16:05:14,797 - DEBUG - Setting 'omero.group' to 3
2024-11-22 16:05:14,813 - DEBUG - Setting 'omero.client.uuid' to '004b3938-b74e-4be4-a279-8ae16fb49ba4'
2024-11-22 16:05:14,813 - DEBUG - Setting 'omero.session.uuid' to '34ba452f-0d92-4853-b9d0-913cc2861d87'
2024-11-22 16:05:14,813 - DEBUG - Setting 'omero.group' to '3'
2024-11-22 16:05:14,813 - DEBUG - Setting 'omero.group' to 3
2024-11-22 16:05:14,829 - DEBUG - Setting 'omero.client.uuid' to '004b3938-b74e-4be4-a279-8ae16fb49ba4'
2024-11-22 16:05:14,829 - DEBUG - Setting 'omero.session.uuid' to '34ba452f-0d92-4853-b9d0-913cc2861d87'
2024-11-22 16:05:14,829 - DEBUG - Setting 'omero.group' to '3'
2024-11-22 16:05:14,829 - DEBUG - Setting 'omero.group' to 3
2024-11-22 16:05:14,860 - DEBUG - Setting 'omero.client.uuid' to '004b3938-b74e-4be4-a279-8ae16fb49ba4'
2024-11-22 16:05:14,860 - DEBUG - Setting 'omero.session.uuid' to '34ba452f-0d92-4853-b9d0-913cc2861d87'
2024-11-22 16:05:14,860 - DEBUG - Setting 'omero.group' to '3'
2024-11-22 16:05:14,860 - DEBUG - Setting 'omero.group' to 3
2024-11-22 16:05:14,891 - DEBUG - Setting 'omero.client.uuid' to '004b3938-b74e-4be4-a279-8ae16fb49ba4'
2024-11-22 16:05:14,891 - DEBUG - Setting 'omero.session.uuid' to '34ba452f-0d92-4853-b9d0-913cc2861d87'
2024-11-22 16:05:14,891 - DEBUG - Setting 'omero.group' to '3'
2024-11-22 16:05:14,891 - DEBUG - Setting 'omero.group' to 3
2024-11-22 16:05:14,907 - DEBUG - Setting 'omero.client.uuid' to '004b3938-b74e-4be4-a279-8ae16fb49ba4'
2024-11-22 16:05:14,907 - DEBUG - Setting 'omero.session.uuid' to '34ba452f-0d92-4853-b9d0-913cc2861d87'
2024-11-22 16:05:14,907 - DEBUG - Setting 'omero.group' to '3'
2024-11-22 16:05:14,907 - DEBUG - Setting 'omero.group' to 3
2024-11-22 16:05:14,923 - INFO - ezimport result for 5x-CD7-conf_3c.czi: [201, 202]
2024-11-22 16:05:14,923 - INFO - Successfully deleted temporary file: uploads\5x-CD7-conf_3c.czi
2024-11-22 16:05:14,954 - INFO - File 5x-CD7-WF.czi is larger than 30.0 MB. Chunked upload will be used.
2024-11-22 16:05:15,080 - INFO - Metadata successfully extracted for 5x-CD7-WF.czi
2024-11-22 16:05:15,174 - INFO - Check ProjectID: 126, DatasetID: 145
2024-11-22 16:05:15,363 - INFO - Starting
2024-11-22 16:05:15,363 - DEBUG - Adding object <omero.clients.BaseClient.startKeepAlive.<locals>.Entry object at 0x000001A3A0265B50>
2024-11-22 16:05:15,363 - DEBUG - Executing
2024-11-22 16:05:15,363 - DEBUG - Checking <omero.clients.BaseClient.startKeepAlive.<locals>.Entry object at 0x000001A3A0265B50>
2024-11-22 16:05:15,363 - DEBUG - Sleeping 300
2024-11-22 16:05:29,169 - DEBUG - Cleaning <omero.clients.BaseClient.startKeepAlive.<locals>.Entry object at 0x000001A3A0265B50>
2024-11-22 16:05:29,169 - INFO - Halted
2024-11-22 16:05:29,169 - DEBUG - Cleanup done
2024-11-22 16:05:29,215 - DEBUG - Setting 'omero.group' to '-1'
2024-11-22 16:05:29,247 - DEBUG - Setting 'omero.group' to 3
2024-11-22 16:05:29,263 - DEBUG - Setting 'omero.client.uuid' to '004b3938-b74e-4be4-a279-8ae16fb49ba4'
2024-11-22 16:05:29,263 - DEBUG - Setting 'omero.session.uuid' to '34ba452f-0d92-4853-b9d0-913cc2861d87'
2024-11-22 16:05:29,263 - DEBUG - Setting 'omero.group' to '3'
2024-11-22 16:05:29,294 - DEBUG - Setting 'omero.client.uuid' to '004b3938-b74e-4be4-a279-8ae16fb49ba4'
2024-11-22 16:05:29,294 - DEBUG - Setting 'omero.session.uuid' to '34ba452f-0d92-4853-b9d0-913cc2861d87'
2024-11-22 16:05:29,294 - DEBUG - Setting 'omero.group' to '3'
2024-11-22 16:05:29,294 - DEBUG - Setting 'omero.group' to 3
2024-11-22 16:05:29,310 - DEBUG - Setting 'omero.client.uuid' to '004b3938-b74e-4be4-a279-8ae16fb49ba4'
2024-11-22 16:05:29,310 - DEBUG - Setting 'omero.session.uuid' to '34ba452f-0d92-4853-b9d0-913cc2861d87'
2024-11-22 16:05:29,310 - DEBUG - Setting 'omero.group' to '3'
2024-11-22 16:05:29,310 - DEBUG - Setting 'omero.group' to 3
2024-11-22 16:05:29,341 - DEBUG - Setting 'omero.client.uuid' to '004b3938-b74e-4be4-a279-8ae16fb49ba4'
2024-11-22 16:05:29,341 - DEBUG - Setting 'omero.session.uuid' to '34ba452f-0d92-4853-b9d0-913cc2861d87'
2024-11-22 16:05:29,341 - DEBUG - Setting 'omero.group' to '3'
2024-11-22 16:05:29,341 - DEBUG - Setting 'omero.group' to 3
2024-11-22 16:05:29,357 - DEBUG - Setting 'omero.client.uuid' to '004b3938-b74e-4be4-a279-8ae16fb49ba4'
2024-11-22 16:05:29,357 - DEBUG - Setting 'omero.session.uuid' to '34ba452f-0d92-4853-b9d0-913cc2861d87'
2024-11-22 16:05:29,357 - DEBUG - Setting 'omero.group' to '3'
2024-11-22 16:05:29,357 - DEBUG - Setting 'omero.group' to 3
2024-11-22 16:05:29,372 - DEBUG - Setting 'omero.client.uuid' to '004b3938-b74e-4be4-a279-8ae16fb49ba4'
2024-11-22 16:05:29,372 - DEBUG - Setting 'omero.session.uuid' to '34ba452f-0d92-4853-b9d0-913cc2861d87'
2024-11-22 16:05:29,372 - DEBUG - Setting 'omero.group' to '3'
2024-11-22 16:05:29,372 - DEBUG - Setting 'omero.group' to 3
2024-11-22 16:05:29,404 - DEBUG - Setting 'omero.client.uuid' to '004b3938-b74e-4be4-a279-8ae16fb49ba4'
2024-11-22 16:05:29,404 - DEBUG - Setting 'omero.session.uuid' to '34ba452f-0d92-4853-b9d0-913cc2861d87'
2024-11-22 16:05:29,404 - DEBUG - Setting 'omero.group' to '3'
2024-11-22 16:05:29,404 - DEBUG - Setting 'omero.group' to 3
2024-11-22 16:05:29,419 - DEBUG - Setting 'omero.client.uuid' to '004b3938-b74e-4be4-a279-8ae16fb49ba4'
2024-11-22 16:05:29,419 - DEBUG - Setting 'omero.session.uuid' to '34ba452f-0d92-4853-b9d0-913cc2861d87'
2024-11-22 16:05:29,419 - DEBUG - Setting 'omero.group' to '3'
2024-11-22 16:05:29,419 - DEBUG - Setting 'omero.group' to 3
2024-11-22 16:05:29,451 - DEBUG - Setting 'omero.client.uuid' to '004b3938-b74e-4be4-a279-8ae16fb49ba4'
2024-11-22 16:05:29,451 - DEBUG - Setting 'omero.session.uuid' to '34ba452f-0d92-4853-b9d0-913cc2861d87'
2024-11-22 16:05:29,451 - DEBUG - Setting 'omero.group' to '3'
2024-11-22 16:05:29,451 - DEBUG - Setting 'omero.group' to 3
2024-11-22 16:05:29,467 - INFO - ezimport result for 5x-CD7-WF.czi: [203, 204]
2024-11-22 16:05:29,467 - INFO - Successfully deleted temporary file: uploads\5x-CD7-WF.czi
2024-11-22 16:05:29,514 - INFO - File 5x-CD7-WF_2c.-2czi.czi is larger than 30.0 MB. Chunked upload will be used.
2024-11-22 16:05:29,639 - INFO - Metadata successfully extracted for 5x-CD7-WF_2c.-2czi.czi
2024-11-22 16:05:29,671 - INFO - Check ProjectID: 126, DatasetID: 145
2024-11-22 16:05:29,812 - INFO - Starting
2024-11-22 16:05:29,812 - DEBUG - Adding object <omero.clients.BaseClient.startKeepAlive.<locals>.Entry object at 0x000001A3A027FEB0>
2024-11-22 16:05:29,812 - DEBUG - Executing
2024-11-22 16:05:29,812 - DEBUG - Checking <omero.clients.BaseClient.startKeepAlive.<locals>.Entry object at 0x000001A3A027FEB0>
2024-11-22 16:05:29,812 - DEBUG - Sleeping 300
2024-11-22 16:05:43,688 - DEBUG - Cleaning <omero.clients.BaseClient.startKeepAlive.<locals>.Entry object at 0x000001A3A027FEB0>
2024-11-22 16:05:43,688 - INFO - Halted
2024-11-22 16:05:43,688 - DEBUG - Cleanup done
2024-11-22 16:05:43,719 - DEBUG - Setting 'omero.group' to '-1'
2024-11-22 16:05:43,735 - DEBUG - Setting 'omero.group' to 3
2024-11-22 16:05:43,766 - DEBUG - Setting 'omero.client.uuid' to '004b3938-b74e-4be4-a279-8ae16fb49ba4'
2024-11-22 16:05:43,766 - DEBUG - Setting 'omero.session.uuid' to '34ba452f-0d92-4853-b9d0-913cc2861d87'
2024-11-22 16:05:43,766 - DEBUG - Setting 'omero.group' to '3'
2024-11-22 16:05:43,782 - DEBUG - Cleanup done
2024-11-22 16:05:43,787 - DEBUG - Setting 'omero.client.uuid' to '004b3938-b74e-4be4-a279-8ae16fb49ba4'
2024-11-22 16:05:43,787 - DEBUG - Setting 'omero.session.uuid' to '34ba452f-0d92-4853-b9d0-913cc2861d87'
2024-11-22 16:05:43,787 - DEBUG - Setting 'omero.group' to '3'
2024-11-22 16:05:43,787 - DEBUG - Setting 'omero.group' to 3
2024-11-22 16:05:43,798 - DEBUG - Setting 'omero.client.uuid' to '004b3938-b74e-4be4-a279-8ae16fb49ba4'
2024-11-22 16:05:43,798 - DEBUG - Setting 'omero.session.uuid' to '34ba452f-0d92-4853-b9d0-913cc2861d87'
2024-11-22 16:05:43,798 - DEBUG - Setting 'omero.group' to '3'
2024-11-22 16:05:43,798 - DEBUG - Setting 'omero.group' to 3
2024-11-22 16:05:43,829 - DEBUG - Setting 'omero.client.uuid' to '004b3938-b74e-4be4-a279-8ae16fb49ba4'
2024-11-22 16:05:43,829 - DEBUG - Setting 'omero.session.uuid' to '34ba452f-0d92-4853-b9d0-913cc2861d87'
2024-11-22 16:05:43,829 - DEBUG - Setting 'omero.group' to '3'
2024-11-22 16:05:43,829 - DEBUG - Setting 'omero.group' to 3
2024-11-22 16:05:43,845 - DEBUG - Setting 'omero.client.uuid' to '004b3938-b74e-4be4-a279-8ae16fb49ba4'
2024-11-22 16:05:43,845 - DEBUG - Setting 'omero.session.uuid' to '34ba452f-0d92-4853-b9d0-913cc2861d87'
2024-11-22 16:05:43,845 - DEBUG - Setting 'omero.group' to '3'
2024-11-22 16:05:43,845 - DEBUG - Setting 'omero.group' to 3
2024-11-22 16:05:43,862 - DEBUG - Setting 'omero.client.uuid' to '004b3938-b74e-4be4-a279-8ae16fb49ba4'
2024-11-22 16:05:43,862 - DEBUG - Setting 'omero.session.uuid' to '34ba452f-0d92-4853-b9d0-913cc2861d87'
2024-11-22 16:05:43,862 - DEBUG - Setting 'omero.group' to '3'
2024-11-22 16:05:43,862 - DEBUG - Setting 'omero.group' to 3
2024-11-22 16:05:43,888 - DEBUG - Setting 'omero.client.uuid' to '004b3938-b74e-4be4-a279-8ae16fb49ba4'
2024-11-22 16:05:43,888 - DEBUG - Setting 'omero.session.uuid' to '34ba452f-0d92-4853-b9d0-913cc2861d87'
2024-11-22 16:05:43,888 - DEBUG - Setting 'omero.group' to '3'
2024-11-22 16:05:43,888 - DEBUG - Setting 'omero.group' to 3
2024-11-22 16:05:43,893 - DEBUG - Setting 'omero.client.uuid' to '004b3938-b74e-4be4-a279-8ae16fb49ba4'
2024-11-22 16:05:43,893 - DEBUG - Setting 'omero.session.uuid' to '34ba452f-0d92-4853-b9d0-913cc2861d87'
2024-11-22 16:05:43,908 - DEBUG - Setting 'omero.group' to '3'
2024-11-22 16:05:43,908 - DEBUG - Setting 'omero.group' to 3
2024-11-22 16:05:43,924 - DEBUG - Setting 'omero.client.uuid' to '004b3938-b74e-4be4-a279-8ae16fb49ba4'
2024-11-22 16:05:43,924 - DEBUG - Setting 'omero.session.uuid' to '34ba452f-0d92-4853-b9d0-913cc2861d87'
2024-11-22 16:05:43,924 - DEBUG - Setting 'omero.group' to '3'
2024-11-22 16:05:43,924 - DEBUG - Setting 'omero.group' to 3
2024-11-22 16:05:43,924 - INFO - ezimport result for 5x-CD7-WF_2c.-2czi.czi: [205, 206]
2024-11-22 16:05:43,940 - INFO - Successfully deleted temporary file: uploads\5x-CD7-WF_2c.-2czi.czi
2024-11-22 16:05:43,940 - INFO - Import done
2024-11-22 16:05:43,971 - INFO - User information:
2024-11-22 16:05:43,971 - INFO -     Time: 2024-11-22
2024-11-22 16:05:43,971 - INFO -     Full Name: Simon Leclerc
2024-11-22 16:05:43,971 - INFO -     Current group: cci-staff
2024-11-22 16:05:43,971 - INFO -     Main microscope: Axiocam 712 mono, Celldiscoverer 7
2024-11-22 16:05:43,971 - INFO -     File number: 3
2024-11-22 16:05:43,971 - INFO -     File total size (MB): 98.20559692382812
2024-11-22 16:05:43,971 - INFO -     Import time (s): 42.515132188797
2024-11-22 16:05:44,002 - INFO - 127.0.0.1 - - [22/Nov/2024 16:05:44] "POST /import_images HTTP/1.1" 200 -
